###############################################################################
#                                                                             #
# IAR ANSI C/C++ Compiler V6.60.1.5097/W32 for ARM      16/Aug/2014  22:11:11 #
# Copyright 1999-2013 IAR Systems AB.                                         #
#                                                                             #
#    Cpu mode     =  thumb                                                    #
#    Endian       =  little                                                   #
#    Source file  =  C:\Users\pc\Desktop\继续做的事情\四旋翼飞行器 -          #
#                    TM4123G\代码\遥控器\ShunAn2\GR_Buttonx11_12.c            #
#    Command line =  "C:\Users\pc\Desktop\继续做的事情\四旋翼飞行器 -         #
#                    TM4123G\代码\遥控器\ShunAn2\GR_Buttonx11_12.c" -D IAR    #
#                    -D ShunAn2 -lCN "C:\Users\pc\Desktop\继续做的事情\四旋翼 #
#                    飞行器 - TM4123G\代码\遥控器\FLASH_1M\List\" -lB         #
#                    "C:\Users\pc\Desktop\继续做的事情\四旋翼飞行器 -         #
#                    TM4123G\代码\遥控器\FLASH_1M\List\" -o                   #
#                    "C:\Users\pc\Desktop\继续做的事情\四旋翼飞行器 -         #
#                    TM4123G\代码\遥控器\FLASH_1M\Obj\" --no_cse --no_unroll  #
#                    --no_inline --no_code_motion --no_tbaa --no_clustering   #
#                    --no_scheduling --debug --endian=little --cpu=Cortex-M4  #
#                    -e --fpu=None --dlib_config "C:\Program Files (x86)\IAR  #
#                    Systems\Embedded Workbench 6.5\arm\INC\c\DLib_Config_Nor #
#                    mal.h" -I "C:\Users\pc\Desktop\继续做的事情\四旋翼飞行器 #
#                     - TM4123G\代码\遥控器\ShunAn2\" -I                      #
#                    "C:\Users\pc\Desktop\继续做的事情\四旋翼飞行器 -         #
#                    TM4123G\代码\遥控器\Library\" -I                         #
#                    "C:\Users\pc\Desktop\继续做的事情\四旋翼飞行器 -         #
#                    TM4123G\代码\遥控器\Library\BlessedAlien\" -Ol           #
#                    --use_c++_inline                                         #
#    List file    =  C:\Users\pc\Desktop\继续做的事情\四旋翼飞行器 -          #
#                    TM4123G\代码\遥控器\FLASH_1M\List\GR_Buttonx11_12.lst    #
#    Object file  =  C:\Users\pc\Desktop\继续做的事情\四旋翼飞行器 -          #
#                    TM4123G\代码\遥控器\FLASH_1M\Obj\GR_Buttonx11_12.o       #
#                                                                             #
#                                                                             #
###############################################################################

C:\Users\pc\Desktop\继续做的事情\四旋翼飞行器 - TM4123G\代码\遥控器\ShunAn2\GR_Buttonx11_12.c
      1          #include "GR_Buttonx11_12.h"
      2          //#include "GR_OLEDx11_12.h"
      3          #include "GR_ControlPads.h"
      4          //#include "GR_Bluetoothx11_12.h"
      5          #include "MK60F15.h"
      6          

   \                                 In section .bss, align 4
      7          Buttons g_Buttons;
   \                     g_Buttons:
   \   00000000                      DS8 20
      8          

   \                                 In section .text, align 2, keep-with-next
      9          void InitButton(void)
     10          {
     11            SIM_SCGC5 |= (SIM_SCGC5_PORTA_MASK|SIM_SCGC5_PORTB_MASK);//使能PORTA、B时钟 
   \                     InitButton: (+1)
   \   00000000   0x....             LDR.N    R0,??DataTable13  ;; 0x40048038
   \   00000002   0x6800             LDR      R0,[R0, #+0]
   \   00000004   0xF450 0x60C0      ORRS     R0,R0,#0x600
   \   00000008   0x....             LDR.N    R1,??DataTable13  ;; 0x40048038
   \   0000000A   0x6008             STR      R0,[R1, #+0]
     12            
     13            PORTA_PCR24 |= 0x00000100u;//引脚复用选择普通IO(拨码开关1)
   \   0000000C   0x....             LDR.N    R0,??DataTable13_1  ;; 0x40049060
   \   0000000E   0x6800             LDR      R0,[R0, #+0]
   \   00000010   0xF450 0x7080      ORRS     R0,R0,#0x100
   \   00000014   0x....             LDR.N    R1,??DataTable13_1  ;; 0x40049060
   \   00000016   0x6008             STR      R0,[R1, #+0]
     14            PORTA_PCR25 |= 0x00000100u;//引脚复用选择普通IO(拨码开关2)
   \   00000018   0x....             LDR.N    R0,??DataTable13_2  ;; 0x40049064
   \   0000001A   0x6800             LDR      R0,[R0, #+0]
   \   0000001C   0xF450 0x7080      ORRS     R0,R0,#0x100
   \   00000020   0x....             LDR.N    R1,??DataTable13_2  ;; 0x40049064
   \   00000022   0x6008             STR      R0,[R1, #+0]
     15            PORTA_PCR26 |= 0x00000100u;//引脚复用选择普通IO(拨码开关3)
   \   00000024   0x....             LDR.N    R0,??DataTable13_3  ;; 0x40049068
   \   00000026   0x6800             LDR      R0,[R0, #+0]
   \   00000028   0xF450 0x7080      ORRS     R0,R0,#0x100
   \   0000002C   0x....             LDR.N    R1,??DataTable13_3  ;; 0x40049068
   \   0000002E   0x6008             STR      R0,[R1, #+0]
     16            PORTA_PCR27 |= 0x00000100u;//引脚复用选择普通IO(拨码开关4)
   \   00000030   0x....             LDR.N    R0,??DataTable13_4  ;; 0x4004906c
   \   00000032   0x6800             LDR      R0,[R0, #+0]
   \   00000034   0xF450 0x7080      ORRS     R0,R0,#0x100
   \   00000038   0x....             LDR.N    R1,??DataTable13_4  ;; 0x4004906c
   \   0000003A   0x6008             STR      R0,[R1, #+0]
     17            PORTA_PCR28 |= 0x00000100u;//引脚复用选择普通IO(拨码开关5)
   \   0000003C   0x....             LDR.N    R0,??DataTable13_5  ;; 0x40049070
   \   0000003E   0x6800             LDR      R0,[R0, #+0]
   \   00000040   0xF450 0x7080      ORRS     R0,R0,#0x100
   \   00000044   0x....             LDR.N    R1,??DataTable13_5  ;; 0x40049070
   \   00000046   0x6008             STR      R0,[R1, #+0]
     18            PORTA_PCR29 |= 0x00000100u;//引脚复用选择普通IO(拨码开关6)
   \   00000048   0x....             LDR.N    R0,??DataTable13_6  ;; 0x40049074
   \   0000004A   0x6800             LDR      R0,[R0, #+0]
   \   0000004C   0xF450 0x7080      ORRS     R0,R0,#0x100
   \   00000050   0x....             LDR.N    R1,??DataTable13_6  ;; 0x40049074
   \   00000052   0x6008             STR      R0,[R1, #+0]
     19            PORTB_PCR0  |= 0x00000100u;//引脚复用选择普通IO(拨码开关7)
   \   00000054   0x....             LDR.N    R0,??DataTable13_7  ;; 0x4004a000
   \   00000056   0x6800             LDR      R0,[R0, #+0]
   \   00000058   0xF450 0x7080      ORRS     R0,R0,#0x100
   \   0000005C   0x....             LDR.N    R1,??DataTable13_7  ;; 0x4004a000
   \   0000005E   0x6008             STR      R0,[R1, #+0]
     20            PORTB_PCR1  |= 0x00000100u;//引脚复用选择普通IO(拨码开关8)
   \   00000060   0x....             LDR.N    R0,??DataTable13_8  ;; 0x4004a004
   \   00000062   0x6800             LDR      R0,[R0, #+0]
   \   00000064   0xF450 0x7080      ORRS     R0,R0,#0x100
   \   00000068   0x....             LDR.N    R1,??DataTable13_8  ;; 0x4004a004
   \   0000006A   0x6008             STR      R0,[R1, #+0]
     21            
     22            GPIOA_PDDR &= ~(1<<24);//引脚选择输入方向(拨码开关1)
   \   0000006C   0x....             LDR.N    R0,??DataTable13_9  ;; 0x400ff014
   \   0000006E   0x6800             LDR      R0,[R0, #+0]
   \   00000070   0xF030 0x7080      BICS     R0,R0,#0x1000000
   \   00000074   0x....             LDR.N    R1,??DataTable13_9  ;; 0x400ff014
   \   00000076   0x6008             STR      R0,[R1, #+0]
     23            GPIOA_PDDR &= ~(1<<25);//引脚选择输入方向(拨码开关2)
   \   00000078   0x....             LDR.N    R0,??DataTable13_9  ;; 0x400ff014
   \   0000007A   0x6800             LDR      R0,[R0, #+0]
   \   0000007C   0xF030 0x7000      BICS     R0,R0,#0x2000000
   \   00000080   0x....             LDR.N    R1,??DataTable13_9  ;; 0x400ff014
   \   00000082   0x6008             STR      R0,[R1, #+0]
     24            GPIOA_PDDR &= ~(1<<26);//引脚选择输入方向(拨码开关3)
   \   00000084   0x....             LDR.N    R0,??DataTable13_9  ;; 0x400ff014
   \   00000086   0x6800             LDR      R0,[R0, #+0]
   \   00000088   0xF030 0x6080      BICS     R0,R0,#0x4000000
   \   0000008C   0x....             LDR.N    R1,??DataTable13_9  ;; 0x400ff014
   \   0000008E   0x6008             STR      R0,[R1, #+0]
     25            GPIOA_PDDR &= ~(1<<27);//引脚选择输入方向(拨码开关4)
   \   00000090   0x....             LDR.N    R0,??DataTable13_9  ;; 0x400ff014
   \   00000092   0x6800             LDR      R0,[R0, #+0]
   \   00000094   0xF030 0x6000      BICS     R0,R0,#0x8000000
   \   00000098   0x....             LDR.N    R1,??DataTable13_9  ;; 0x400ff014
   \   0000009A   0x6008             STR      R0,[R1, #+0]
     26            GPIOA_PDDR &= ~(1<<28);//引脚选择输入方向(拨码开关5)
   \   0000009C   0x....             LDR.N    R0,??DataTable13_9  ;; 0x400ff014
   \   0000009E   0x6800             LDR      R0,[R0, #+0]
   \   000000A0   0xF030 0x5080      BICS     R0,R0,#0x10000000
   \   000000A4   0x....             LDR.N    R1,??DataTable13_9  ;; 0x400ff014
   \   000000A6   0x6008             STR      R0,[R1, #+0]
     27            GPIOA_PDDR &= ~(1<<29);//引脚选择输入方向(拨码开关6)
   \   000000A8   0x....             LDR.N    R0,??DataTable13_9  ;; 0x400ff014
   \   000000AA   0x6800             LDR      R0,[R0, #+0]
   \   000000AC   0xF030 0x5000      BICS     R0,R0,#0x20000000
   \   000000B0   0x....             LDR.N    R1,??DataTable13_9  ;; 0x400ff014
   \   000000B2   0x6008             STR      R0,[R1, #+0]
     28            GPIOB_PDDR &= ~(1<<0);//引脚选择输入方向(拨码开关7)
   \   000000B4   0x....             LDR.N    R0,??DataTable13_10  ;; 0x400ff054
   \   000000B6   0x6800             LDR      R0,[R0, #+0]
   \   000000B8   0x0840             LSRS     R0,R0,#+1
   \   000000BA   0x0040             LSLS     R0,R0,#+1
   \   000000BC   0x....             LDR.N    R1,??DataTable13_10  ;; 0x400ff054
   \   000000BE   0x6008             STR      R0,[R1, #+0]
     29            GPIOB_PDDR &= ~(1<<1);//引脚选择输入方向(拨码开关8)
   \   000000C0   0x....             LDR.N    R0,??DataTable13_10  ;; 0x400ff054
   \   000000C2   0x6800             LDR      R0,[R0, #+0]
   \   000000C4   0xF030 0x0002      BICS     R0,R0,#0x2
   \   000000C8   0x....             LDR.N    R1,??DataTable13_10  ;; 0x400ff054
   \   000000CA   0x6008             STR      R0,[R1, #+0]
     30            
     31            
     32            /* 按键配置 */
     33            
     34            PORTB_PCR2 |= 0x00000100u;//引脚复用选择普通IO(按键1)
   \   000000CC   0x....             LDR.N    R0,??DataTable13_11  ;; 0x4004a008
   \   000000CE   0x6800             LDR      R0,[R0, #+0]
   \   000000D0   0xF450 0x7080      ORRS     R0,R0,#0x100
   \   000000D4   0x....             LDR.N    R1,??DataTable13_11  ;; 0x4004a008
   \   000000D6   0x6008             STR      R0,[R1, #+0]
     35            PORTB_PCR3 |= 0x00000100u;//引脚复用选择普通IO(按键2)
   \   000000D8   0x....             LDR.N    R0,??DataTable13_12  ;; 0x4004a00c
   \   000000DA   0x6800             LDR      R0,[R0, #+0]
   \   000000DC   0xF450 0x7080      ORRS     R0,R0,#0x100
   \   000000E0   0x....             LDR.N    R1,??DataTable13_12  ;; 0x4004a00c
   \   000000E2   0x6008             STR      R0,[R1, #+0]
     36            PORTB_PCR4 |= 0x00000100u;//引脚复用选择普通IO(按键3)
   \   000000E4   0x....             LDR.N    R0,??DataTable13_13  ;; 0x4004a010
   \   000000E6   0x6800             LDR      R0,[R0, #+0]
   \   000000E8   0xF450 0x7080      ORRS     R0,R0,#0x100
   \   000000EC   0x....             LDR.N    R1,??DataTable13_13  ;; 0x4004a010
   \   000000EE   0x6008             STR      R0,[R1, #+0]
     37            PORTB_PCR5 |= 0x00000100u;//引脚复用选择普通IO(按键4)
   \   000000F0   0x....             LDR.N    R0,??DataTable13_14  ;; 0x4004a014
   \   000000F2   0x6800             LDR      R0,[R0, #+0]
   \   000000F4   0xF450 0x7080      ORRS     R0,R0,#0x100
   \   000000F8   0x....             LDR.N    R1,??DataTable13_14  ;; 0x4004a014
   \   000000FA   0x6008             STR      R0,[R1, #+0]
     38            
     39            GPIOB_PDDR &= ~(1<<2);//引脚选择输入方向(按键1)
   \   000000FC   0x....             LDR.N    R0,??DataTable13_10  ;; 0x400ff054
   \   000000FE   0x6800             LDR      R0,[R0, #+0]
   \   00000100   0xF030 0x0004      BICS     R0,R0,#0x4
   \   00000104   0x....             LDR.N    R1,??DataTable13_10  ;; 0x400ff054
   \   00000106   0x6008             STR      R0,[R1, #+0]
     40            GPIOB_PDDR &= ~(1<<3);//引脚选择输入方向(按键2)
   \   00000108   0x....             LDR.N    R0,??DataTable13_10  ;; 0x400ff054
   \   0000010A   0x6800             LDR      R0,[R0, #+0]
   \   0000010C   0xF030 0x0008      BICS     R0,R0,#0x8
   \   00000110   0x....             LDR.N    R1,??DataTable13_10  ;; 0x400ff054
   \   00000112   0x6008             STR      R0,[R1, #+0]
     41            GPIOB_PDDR &= ~(1<<4);//引脚选择输入方向(按键3)
   \   00000114   0x....             LDR.N    R0,??DataTable13_10  ;; 0x400ff054
   \   00000116   0x6800             LDR      R0,[R0, #+0]
   \   00000118   0xF030 0x0010      BICS     R0,R0,#0x10
   \   0000011C   0x....             LDR.N    R1,??DataTable13_10  ;; 0x400ff054
   \   0000011E   0x6008             STR      R0,[R1, #+0]
     42            GPIOB_PDDR &= ~(1<<5);//引脚选择输入方向(按键4)
   \   00000120   0x....             LDR.N    R0,??DataTable13_10  ;; 0x400ff054
   \   00000122   0x6800             LDR      R0,[R0, #+0]
   \   00000124   0xF030 0x0020      BICS     R0,R0,#0x20
   \   00000128   0x....             LDR.N    R1,??DataTable13_10  ;; 0x400ff054
   \   0000012A   0x6008             STR      R0,[R1, #+0]
     43            
     44            //------------------------------LED灯---------------------------------
     45            SIM_SCGC5 |= 0x00002000u;//使能PORTE时钟 
   \   0000012C   0x....             LDR.N    R0,??DataTable13  ;; 0x40048038
   \   0000012E   0x6800             LDR      R0,[R0, #+0]
   \   00000130   0xF450 0x5000      ORRS     R0,R0,#0x2000
   \   00000134   0x....             LDR.N    R1,??DataTable13  ;; 0x40048038
   \   00000136   0x6008             STR      R0,[R1, #+0]
     46            PORTE_PCR8 |= 0x00000100u;//引脚复用选择普通IO(LED1)
   \   00000138   0x....             LDR.N    R0,??DataTable13_15  ;; 0x4004d020
   \   0000013A   0x6800             LDR      R0,[R0, #+0]
   \   0000013C   0xF450 0x7080      ORRS     R0,R0,#0x100
   \   00000140   0x....             LDR.N    R1,??DataTable13_15  ;; 0x4004d020
   \   00000142   0x6008             STR      R0,[R1, #+0]
     47            PORTE_PCR9 |= 0x00000100u;//引脚复用选择普通IO(LED2)  
   \   00000144   0x....             LDR.N    R0,??DataTable13_16  ;; 0x4004d024
   \   00000146   0x6800             LDR      R0,[R0, #+0]
   \   00000148   0xF450 0x7080      ORRS     R0,R0,#0x100
   \   0000014C   0x....             LDR.N    R1,??DataTable13_16  ;; 0x4004d024
   \   0000014E   0x6008             STR      R0,[R1, #+0]
     48            GPIOE_PDDR |= (1<<8);//引脚选择输出方向(LED1)  
   \   00000150   0x....             LDR.N    R0,??DataTable13_17  ;; 0x400ff114
   \   00000152   0x6800             LDR      R0,[R0, #+0]
   \   00000154   0xF450 0x7080      ORRS     R0,R0,#0x100
   \   00000158   0x....             LDR.N    R1,??DataTable13_17  ;; 0x400ff114
   \   0000015A   0x6008             STR      R0,[R1, #+0]
     49            GPIOE_PDDR |= (1<<9);//引脚选择输出方向(LED2)
   \   0000015C   0x....             LDR.N    R0,??DataTable13_17  ;; 0x400ff114
   \   0000015E   0x6800             LDR      R0,[R0, #+0]
   \   00000160   0xF450 0x7000      ORRS     R0,R0,#0x200
   \   00000164   0x....             LDR.N    R1,??DataTable13_17  ;; 0x400ff114
   \   00000166   0x6008             STR      R0,[R1, #+0]
     50           
     51          }
   \   00000168   0x4770             BX       LR               ;; return
     52          

   \                                 In section .text, align 2, keep-with-next
     53          unsigned char u8_Switch1get(void){return (GPIOA_PDIR >> 24) & 0x01;}
   \                     u8_Switch1get: (+1)
   \   00000000   0x....             LDR.N    R0,??DataTable13_18  ;; 0x400ff010
   \   00000002   0x6800             LDR      R0,[R0, #+0]
   \   00000004   0x0E00             LSRS     R0,R0,#+24
   \   00000006   0xF010 0x0001      ANDS     R0,R0,#0x1
   \   0000000A   0x4770             BX       LR               ;; return

   \                                 In section .text, align 2, keep-with-next
     54          unsigned char u8_Switch2get(void){return (GPIOA_PDIR >> 25) & 0x01;}
   \                     u8_Switch2get: (+1)
   \   00000000   0x....             LDR.N    R0,??DataTable13_18  ;; 0x400ff010
   \   00000002   0x6800             LDR      R0,[R0, #+0]
   \   00000004   0x0E40             LSRS     R0,R0,#+25
   \   00000006   0xF010 0x0001      ANDS     R0,R0,#0x1
   \   0000000A   0x4770             BX       LR               ;; return

   \                                 In section .text, align 2, keep-with-next
     55          unsigned char u8_Switch3get(void){return (GPIOA_PDIR >> 26) & 0x01;}
   \                     u8_Switch3get: (+1)
   \   00000000   0x....             LDR.N    R0,??DataTable13_18  ;; 0x400ff010
   \   00000002   0x6800             LDR      R0,[R0, #+0]
   \   00000004   0x0E80             LSRS     R0,R0,#+26
   \   00000006   0xF010 0x0001      ANDS     R0,R0,#0x1
   \   0000000A   0x4770             BX       LR               ;; return

   \                                 In section .text, align 2, keep-with-next
     56          unsigned char u8_Switch4get(void){return (GPIOA_PDIR >> 27) & 0x01;}
   \                     u8_Switch4get: (+1)
   \   00000000   0x....             LDR.N    R0,??DataTable13_18  ;; 0x400ff010
   \   00000002   0x6800             LDR      R0,[R0, #+0]
   \   00000004   0x0EC0             LSRS     R0,R0,#+27
   \   00000006   0xF010 0x0001      ANDS     R0,R0,#0x1
   \   0000000A   0x4770             BX       LR               ;; return

   \                                 In section .text, align 2, keep-with-next
     57          unsigned char u8_Switch5get(void){return (GPIOA_PDIR >> 28) & 0x01;}
   \                     u8_Switch5get: (+1)
   \   00000000   0x....             LDR.N    R0,??DataTable13_18  ;; 0x400ff010
   \   00000002   0x6800             LDR      R0,[R0, #+0]
   \   00000004   0x0F00             LSRS     R0,R0,#+28
   \   00000006   0xF010 0x0001      ANDS     R0,R0,#0x1
   \   0000000A   0x4770             BX       LR               ;; return

   \                                 In section .text, align 2, keep-with-next
     58          unsigned char u8_Switch6get(void){return (GPIOA_PDIR >> 29) & 0x01;}
   \                     u8_Switch6get: (+1)
   \   00000000   0x....             LDR.N    R0,??DataTable13_18  ;; 0x400ff010
   \   00000002   0x6800             LDR      R0,[R0, #+0]
   \   00000004   0x0F40             LSRS     R0,R0,#+29
   \   00000006   0xF010 0x0001      ANDS     R0,R0,#0x1
   \   0000000A   0x4770             BX       LR               ;; return

   \                                 In section .text, align 2, keep-with-next
     59          unsigned char u8_Switch7get(void){return (GPIOB_PDIR >> 0) & 0x01;}
   \                     u8_Switch7get: (+1)
   \   00000000   0x....             LDR.N    R0,??DataTable13_19  ;; 0x400ff050
   \   00000002   0x6800             LDR      R0,[R0, #+0]
   \   00000004   0xF010 0x0001      ANDS     R0,R0,#0x1
   \   00000008   0x4770             BX       LR               ;; return

   \                                 In section .text, align 2, keep-with-next
     60          unsigned char u8_Switch8get(void){return (GPIOB_PDIR >> 1) & 0x01;}
   \                     u8_Switch8get: (+1)
   \   00000000   0x....             LDR.N    R0,??DataTable13_19  ;; 0x400ff050
   \   00000002   0x6800             LDR      R0,[R0, #+0]
   \   00000004   0xF3C0 0x0040      UBFX     R0,R0,#+1,#+1
   \   00000008   0xB2C0             UXTB     R0,R0            ;; ZeroExt  R0,R0,#+24,#+24
   \   0000000A   0x4770             BX       LR               ;; return
     61          

   \                                 In section .text, align 2, keep-with-next
     62          unsigned char u8_Button1get(void){return (GPIOB_PDIR >> 2) & 0x01;}
   \                     u8_Button1get: (+1)
   \   00000000   0x....             LDR.N    R0,??DataTable13_19  ;; 0x400ff050
   \   00000002   0x6800             LDR      R0,[R0, #+0]
   \   00000004   0xF3C0 0x0080      UBFX     R0,R0,#+2,#+1
   \   00000008   0xB2C0             UXTB     R0,R0            ;; ZeroExt  R0,R0,#+24,#+24
   \   0000000A   0x4770             BX       LR               ;; return

   \                                 In section .text, align 2, keep-with-next
     63          unsigned char u8_Button2get(void){return (GPIOB_PDIR >> 3) & 0x01;}
   \                     u8_Button2get: (+1)
   \   00000000   0x....             LDR.N    R0,??DataTable13_19  ;; 0x400ff050
   \   00000002   0x6800             LDR      R0,[R0, #+0]
   \   00000004   0xF3C0 0x00C0      UBFX     R0,R0,#+3,#+1
   \   00000008   0xB2C0             UXTB     R0,R0            ;; ZeroExt  R0,R0,#+24,#+24
   \   0000000A   0x4770             BX       LR               ;; return

   \                                 In section .text, align 2, keep-with-next
     64          unsigned char u8_Button3get(void){return (GPIOB_PDIR >> 4) & 0x01;}
   \                     u8_Button3get: (+1)
   \   00000000   0x....             LDR.N    R0,??DataTable13_19  ;; 0x400ff050
   \   00000002   0x6800             LDR      R0,[R0, #+0]
   \   00000004   0xF3C0 0x1000      UBFX     R0,R0,#+4,#+1
   \   00000008   0xB2C0             UXTB     R0,R0            ;; ZeroExt  R0,R0,#+24,#+24
   \   0000000A   0x4770             BX       LR               ;; return

   \                                 In section .text, align 2, keep-with-next
     65          unsigned char u8_Button4get(void){return (GPIOB_PDIR >> 5) & 0x01;}
   \                     u8_Button4get: (+1)
   \   00000000   0x....             LDR.N    R0,??DataTable13_19  ;; 0x400ff050
   \   00000002   0x6800             LDR      R0,[R0, #+0]
   \   00000004   0xF3C0 0x1040      UBFX     R0,R0,#+5,#+1
   \   00000008   0xB2C0             UXTB     R0,R0            ;; ZeroExt  R0,R0,#+24,#+24
   \   0000000A   0x4770             BX       LR               ;; return
     66          

   \                                 In section .text, align 2, keep-with-next
     67          void v_Button_set(void)
     68          {
   \                     v_Button_set: (+1)
   \   00000000   0xB580             PUSH     {R7,LR}
     69              if( ( 0 == Button1 ) && ( g_Buttons.BottonTotaltime - g_Buttons.Button1time > 300 ) )
   \   00000002   0x.... 0x....      BL       u8_Button1get
   \   00000006   0x2800             CMP      R0,#+0
   \   00000008   0xD10E             BNE.N    ??v_Button_set_0
   \   0000000A   0x....             LDR.N    R0,??DataTable13_20
   \   0000000C   0x6800             LDR      R0,[R0, #+0]
   \   0000000E   0x....             LDR.N    R1,??DataTable13_20
   \   00000010   0x6849             LDR      R1,[R1, #+4]
   \   00000012   0x1A40             SUBS     R0,R0,R1
   \   00000014   0xF5B0 0x7F96      CMP      R0,#+300
   \   00000018   0xD906             BLS.N    ??v_Button_set_0
     70              {
     71                  g_Control.SendWhich.Start = 1;
   \   0000001A   0x....             LDR.N    R0,??DataTable13_21
   \   0000001C   0x2101             MOVS     R1,#+1
   \   0000001E   0x7101             STRB     R1,[R0, #+4]
     72                  g_Buttons.Button1time = g_Buttons.BottonTotaltime;
   \   00000020   0x....             LDR.N    R0,??DataTable13_20
   \   00000022   0x....             LDR.N    R1,??DataTable13_20
   \   00000024   0x6809             LDR      R1,[R1, #+0]
   \   00000026   0x6041             STR      R1,[R0, #+4]
     73              }
     74              if( ( 0 == Button2 ) && ( g_Buttons.BottonTotaltime - g_Buttons.Button2time > 300 ) )
   \                     ??v_Button_set_0: (+1)
   \   00000028   0x.... 0x....      BL       u8_Button2get
   \   0000002C   0x2800             CMP      R0,#+0
   \   0000002E   0xD10E             BNE.N    ??v_Button_set_1
   \   00000030   0x....             LDR.N    R0,??DataTable13_20
   \   00000032   0x6800             LDR      R0,[R0, #+0]
   \   00000034   0x....             LDR.N    R1,??DataTable13_20
   \   00000036   0x6889             LDR      R1,[R1, #+8]
   \   00000038   0x1A40             SUBS     R0,R0,R1
   \   0000003A   0xF5B0 0x7F96      CMP      R0,#+300
   \   0000003E   0xD906             BLS.N    ??v_Button_set_1
     75              {
     76                  g_Control.SendWhich.Up = 1;
   \   00000040   0x....             LDR.N    R0,??DataTable13_21
   \   00000042   0x2101             MOVS     R1,#+1
   \   00000044   0x7141             STRB     R1,[R0, #+5]
     77                  g_Buttons.Button2time = g_Buttons.BottonTotaltime;
   \   00000046   0x....             LDR.N    R0,??DataTable13_20
   \   00000048   0x....             LDR.N    R1,??DataTable13_20
   \   0000004A   0x6809             LDR      R1,[R1, #+0]
   \   0000004C   0x6081             STR      R1,[R0, #+8]
     78              }
     79              if( ( 0 == Button3 ) && ( g_Buttons.BottonTotaltime - g_Buttons.Button3time > 300 ) )
   \                     ??v_Button_set_1: (+1)
   \   0000004E   0x.... 0x....      BL       u8_Button3get
   \   00000052   0x2800             CMP      R0,#+0
   \   00000054   0xD10E             BNE.N    ??v_Button_set_2
   \   00000056   0x....             LDR.N    R0,??DataTable13_20
   \   00000058   0x6800             LDR      R0,[R0, #+0]
   \   0000005A   0x....             LDR.N    R1,??DataTable13_20
   \   0000005C   0x68C9             LDR      R1,[R1, #+12]
   \   0000005E   0x1A40             SUBS     R0,R0,R1
   \   00000060   0xF5B0 0x7F96      CMP      R0,#+300
   \   00000064   0xD906             BLS.N    ??v_Button_set_2
     80              {
     81                  g_Control.SendWhich.Down = 1;
   \   00000066   0x....             LDR.N    R0,??DataTable13_21
   \   00000068   0x2101             MOVS     R1,#+1
   \   0000006A   0x7181             STRB     R1,[R0, #+6]
     82                  g_Buttons.Button3time = g_Buttons.BottonTotaltime;
   \   0000006C   0x....             LDR.N    R0,??DataTable13_20
   \   0000006E   0x....             LDR.N    R1,??DataTable13_20
   \   00000070   0x6809             LDR      R1,[R1, #+0]
   \   00000072   0x60C1             STR      R1,[R0, #+12]
     83              }
     84              if( ( 0 == Button4 ) && ( g_Buttons.BottonTotaltime - g_Buttons.Button4time > 300 ) )
   \                     ??v_Button_set_2: (+1)
   \   00000074   0x.... 0x....      BL       u8_Button4get
   \   00000078   0x2800             CMP      R0,#+0
   \   0000007A   0xD10E             BNE.N    ??v_Button_set_3
   \   0000007C   0x....             LDR.N    R0,??DataTable13_20
   \   0000007E   0x6800             LDR      R0,[R0, #+0]
   \   00000080   0x....             LDR.N    R1,??DataTable13_20
   \   00000082   0x6909             LDR      R1,[R1, #+16]
   \   00000084   0x1A40             SUBS     R0,R0,R1
   \   00000086   0xF5B0 0x7F96      CMP      R0,#+300
   \   0000008A   0xD906             BLS.N    ??v_Button_set_3
     85              {
     86                  g_Control.SendWhich.Max = 1;
   \   0000008C   0x....             LDR.N    R0,??DataTable13_21
   \   0000008E   0x2101             MOVS     R1,#+1
   \   00000090   0x71C1             STRB     R1,[R0, #+7]
     87                  g_Buttons.Button4time = g_Buttons.BottonTotaltime;
   \   00000092   0x....             LDR.N    R0,??DataTable13_20
   \   00000094   0x....             LDR.N    R1,??DataTable13_20
   \   00000096   0x6809             LDR      R1,[R1, #+0]
   \   00000098   0x6101             STR      R1,[R0, #+16]
     88              }
     89          }
   \                     ??v_Button_set_3: (+1)
   \   0000009A   0xBD01             POP      {R0,PC}          ;; return

   \                                 In section .text, align 4, keep-with-next
   \                     ??DataTable13:
   \   00000000   0x40048038         DC32     0x40048038

   \                                 In section .text, align 4, keep-with-next
   \                     ??DataTable13_1:
   \   00000000   0x40049060         DC32     0x40049060

   \                                 In section .text, align 4, keep-with-next
   \                     ??DataTable13_2:
   \   00000000   0x40049064         DC32     0x40049064

   \                                 In section .text, align 4, keep-with-next
   \                     ??DataTable13_3:
   \   00000000   0x40049068         DC32     0x40049068

   \                                 In section .text, align 4, keep-with-next
   \                     ??DataTable13_4:
   \   00000000   0x4004906C         DC32     0x4004906c

   \                                 In section .text, align 4, keep-with-next
   \                     ??DataTable13_5:
   \   00000000   0x40049070         DC32     0x40049070

   \                                 In section .text, align 4, keep-with-next
   \                     ??DataTable13_6:
   \   00000000   0x40049074         DC32     0x40049074

   \                                 In section .text, align 4, keep-with-next
   \                     ??DataTable13_7:
   \   00000000   0x4004A000         DC32     0x4004a000

   \                                 In section .text, align 4, keep-with-next
   \                     ??DataTable13_8:
   \   00000000   0x4004A004         DC32     0x4004a004

   \                                 In section .text, align 4, keep-with-next
   \                     ??DataTable13_9:
   \   00000000   0x400FF014         DC32     0x400ff014

   \                                 In section .text, align 4, keep-with-next
   \                     ??DataTable13_10:
   \   00000000   0x400FF054         DC32     0x400ff054

   \                                 In section .text, align 4, keep-with-next
   \                     ??DataTable13_11:
   \   00000000   0x4004A008         DC32     0x4004a008

   \                                 In section .text, align 4, keep-with-next
   \                     ??DataTable13_12:
   \   00000000   0x4004A00C         DC32     0x4004a00c

   \                                 In section .text, align 4, keep-with-next
   \                     ??DataTable13_13:
   \   00000000   0x4004A010         DC32     0x4004a010

   \                                 In section .text, align 4, keep-with-next
   \                     ??DataTable13_14:
   \   00000000   0x4004A014         DC32     0x4004a014

   \                                 In section .text, align 4, keep-with-next
   \                     ??DataTable13_15:
   \   00000000   0x4004D020         DC32     0x4004d020

   \                                 In section .text, align 4, keep-with-next
   \                     ??DataTable13_16:
   \   00000000   0x4004D024         DC32     0x4004d024

   \                                 In section .text, align 4, keep-with-next
   \                     ??DataTable13_17:
   \   00000000   0x400FF114         DC32     0x400ff114

   \                                 In section .text, align 4, keep-with-next
   \                     ??DataTable13_18:
   \   00000000   0x400FF010         DC32     0x400ff010

   \                                 In section .text, align 4, keep-with-next
   \                     ??DataTable13_19:
   \   00000000   0x400FF050         DC32     0x400ff050

   \                                 In section .text, align 4, keep-with-next
   \                     ??DataTable13_20:
   \   00000000   0x........         DC32     g_Buttons

   \                                 In section .text, align 4, keep-with-next
   \                     ??DataTable13_21:
   \   00000000   0x........         DC32     g_Control

   Maximum stack usage in bytes:

   .cstack Function
   ------- --------
       0   InitButton
       0   u8_Button1get
       0   u8_Button2get
       0   u8_Button3get
       0   u8_Button4get
       0   u8_Switch1get
       0   u8_Switch2get
       0   u8_Switch3get
       0   u8_Switch4get
       0   u8_Switch5get
       0   u8_Switch6get
       0   u8_Switch7get
       0   u8_Switch8get
       8   v_Button_set
         8   -> u8_Button1get
         8   -> u8_Button2get
         8   -> u8_Button3get
         8   -> u8_Button4get


   Section sizes:

   Bytes  Function/Label
   -----  --------------
       4  ??DataTable13
       4  ??DataTable13_1
       4  ??DataTable13_10
       4  ??DataTable13_11
       4  ??DataTable13_12
       4  ??DataTable13_13
       4  ??DataTable13_14
       4  ??DataTable13_15
       4  ??DataTable13_16
       4  ??DataTable13_17
       4  ??DataTable13_18
       4  ??DataTable13_19
       4  ??DataTable13_2
       4  ??DataTable13_20
       4  ??DataTable13_21
       4  ??DataTable13_3
       4  ??DataTable13_4
       4  ??DataTable13_5
       4  ??DataTable13_6
       4  ??DataTable13_7
       4  ??DataTable13_8
       4  ??DataTable13_9
     362  InitButton
      20  g_Buttons
      12  u8_Button1get
      12  u8_Button2get
      12  u8_Button3get
      12  u8_Button4get
      12  u8_Switch1get
      12  u8_Switch2get
      12  u8_Switch3get
      12  u8_Switch4get
      12  u8_Switch5get
      12  u8_Switch6get
      10  u8_Switch7get
      12  u8_Switch8get
     156  v_Button_set

 
  20 bytes in section .bss
 748 bytes in section .text
 
 748 bytes of CODE memory
  20 bytes of DATA memory

Errors: none
Warnings: none
