###############################################################################
#                                                                             #
# IAR ANSI C/C++ Compiler V6.60.1.5097/W32 for ARM      16/Aug/2014  22:11:14 #
# Copyright 1999-2013 IAR Systems AB.                                         #
#                                                                             #
#    Cpu mode     =  thumb                                                    #
#    Endian       =  little                                                   #
#    Source file  =  C:\Users\pc\Desktop\继续做的事情\四旋翼飞行器 -          #
#                    TM4123G\代码\遥控器\ShunAn2\GR_Infraredx11_12.c          #
#    Command line =  "C:\Users\pc\Desktop\继续做的事情\四旋翼飞行器 -         #
#                    TM4123G\代码\遥控器\ShunAn2\GR_Infraredx11_12.c" -D IAR  #
#                    -D ShunAn2 -lCN "C:\Users\pc\Desktop\继续做的事情\四旋翼 #
#                    飞行器 - TM4123G\代码\遥控器\FLASH_1M\List\" -lB         #
#                    "C:\Users\pc\Desktop\继续做的事情\四旋翼飞行器 -         #
#                    TM4123G\代码\遥控器\FLASH_1M\List\" -o                   #
#                    "C:\Users\pc\Desktop\继续做的事情\四旋翼飞行器 -         #
#                    TM4123G\代码\遥控器\FLASH_1M\Obj\" --no_cse --no_unroll  #
#                    --no_inline --no_code_motion --no_tbaa --no_clustering   #
#                    --no_scheduling --debug --endian=little --cpu=Cortex-M4  #
#                    -e --fpu=None --dlib_config "C:\Program Files (x86)\IAR  #
#                    Systems\Embedded Workbench 6.5\arm\INC\c\DLib_Config_Nor #
#                    mal.h" -I "C:\Users\pc\Desktop\继续做的事情\四旋翼飞行器 #
#                     - TM4123G\代码\遥控器\ShunAn2\" -I                      #
#                    "C:\Users\pc\Desktop\继续做的事情\四旋翼飞行器 -         #
#                    TM4123G\代码\遥控器\Library\" -I                         #
#                    "C:\Users\pc\Desktop\继续做的事情\四旋翼飞行器 -         #
#                    TM4123G\代码\遥控器\Library\BlessedAlien\" -Ol           #
#                    --use_c++_inline                                         #
#    List file    =  C:\Users\pc\Desktop\继续做的事情\四旋翼飞行器 -          #
#                    TM4123G\代码\遥控器\FLASH_1M\List\GR_Infraredx11_12.lst  #
#    Object file  =  C:\Users\pc\Desktop\继续做的事情\四旋翼飞行器 -          #
#                    TM4123G\代码\遥控器\FLASH_1M\Obj\GR_Infraredx11_12.o     #
#                                                                             #
#                                                                             #
###############################################################################

C:\Users\pc\Desktop\继续做的事情\四旋翼飞行器 - TM4123G\代码\遥控器\ShunAn2\GR_Infraredx11_12.c
      1          #include "GR_Infraredx11_12.h"
      2          #include "MK60F15.h"
      3          

   \                                 In section .text, align 2, keep-with-next
      4          void Infrared_Init(void)
      5          {
      6            SIM_SCGC5 |= 0x00000400u;//使能PORTB时钟 
   \                     Infrared_Init: (+1)
   \   00000000   0x....             LDR.N    R0,??DataTable2  ;; 0x40048038
   \   00000002   0x6800             LDR      R0,[R0, #+0]
   \   00000004   0xF450 0x6080      ORRS     R0,R0,#0x400
   \   00000008   0x....             LDR.N    R1,??DataTable2  ;; 0x40048038
   \   0000000A   0x6008             STR      R0,[R1, #+0]
      7            PORTB_PCR0 |= 0x00000100u;//引脚复用选择普通IO(红外1)
   \   0000000C   0x....             LDR.N    R0,??DataTable2_1  ;; 0x4004a000
   \   0000000E   0x6800             LDR      R0,[R0, #+0]
   \   00000010   0xF450 0x7080      ORRS     R0,R0,#0x100
   \   00000014   0x....             LDR.N    R1,??DataTable2_1  ;; 0x4004a000
   \   00000016   0x6008             STR      R0,[R1, #+0]
      8            PORTB_PCR2 |= 0x00000100u;//引脚复用选择普通IO(红外2)
   \   00000018   0x....             LDR.N    R0,??DataTable2_2  ;; 0x4004a008
   \   0000001A   0x6800             LDR      R0,[R0, #+0]
   \   0000001C   0xF450 0x7080      ORRS     R0,R0,#0x100
   \   00000020   0x....             LDR.N    R1,??DataTable2_2  ;; 0x4004a008
   \   00000022   0x6008             STR      R0,[R1, #+0]
      9          
     10            GPIOB_PDDR &= ~(1<<0);//PTB19引脚选择输入方向(红外1)
   \   00000024   0x....             LDR.N    R0,??DataTable2_3  ;; 0x400ff054
   \   00000026   0x6800             LDR      R0,[R0, #+0]
   \   00000028   0x0840             LSRS     R0,R0,#+1
   \   0000002A   0x0040             LSLS     R0,R0,#+1
   \   0000002C   0x....             LDR.N    R1,??DataTable2_3  ;; 0x400ff054
   \   0000002E   0x6008             STR      R0,[R1, #+0]
     11            GPIOB_PDDR &= ~(1<<2);//PTB20引脚选择输入方向(红外2)
   \   00000030   0x....             LDR.N    R0,??DataTable2_3  ;; 0x400ff054
   \   00000032   0x6800             LDR      R0,[R0, #+0]
   \   00000034   0xF030 0x0004      BICS     R0,R0,#0x4
   \   00000038   0x....             LDR.N    R1,??DataTable2_3  ;; 0x400ff054
   \   0000003A   0x6008             STR      R0,[R1, #+0]
     12           
     13          }
   \   0000003C   0x4770             BX       LR               ;; return
     14          

   \                                 In section .text, align 2, keep-with-next
     15          unsigned char Infrared1get(void)
     16          {
     17            return (GPIOB_PDIR >> 0) & 0x01;
   \                     Infrared1get: (+1)
   \   00000000   0x....             LDR.N    R0,??DataTable2_4  ;; 0x400ff050
   \   00000002   0x6800             LDR      R0,[R0, #+0]
   \   00000004   0xF010 0x0001      ANDS     R0,R0,#0x1
   \   00000008   0x4770             BX       LR               ;; return
     18          }
     19          

   \                                 In section .text, align 2, keep-with-next
     20          unsigned char Infrared2get(void)
     21          {
     22            return (GPIOB_PDIR >> 2) & 0x01;
   \                     Infrared2get: (+1)
   \   00000000   0x....             LDR.N    R0,??DataTable2_4  ;; 0x400ff050
   \   00000002   0x6800             LDR      R0,[R0, #+0]
   \   00000004   0xF3C0 0x0080      UBFX     R0,R0,#+2,#+1
   \   00000008   0xB2C0             UXTB     R0,R0            ;; ZeroExt  R0,R0,#+24,#+24
   \   0000000A   0x4770             BX       LR               ;; return
     23          }

   \                                 In section .text, align 4, keep-with-next
   \                     ??DataTable2:
   \   00000000   0x40048038         DC32     0x40048038

   \                                 In section .text, align 4, keep-with-next
   \                     ??DataTable2_1:
   \   00000000   0x4004A000         DC32     0x4004a000

   \                                 In section .text, align 4, keep-with-next
   \                     ??DataTable2_2:
   \   00000000   0x4004A008         DC32     0x4004a008

   \                                 In section .text, align 4, keep-with-next
   \                     ??DataTable2_3:
   \   00000000   0x400FF054         DC32     0x400ff054

   \                                 In section .text, align 4, keep-with-next
   \                     ??DataTable2_4:
   \   00000000   0x400FF050         DC32     0x400ff050

   Maximum stack usage in bytes:

   .cstack Function
   ------- --------
       0   Infrared1get
       0   Infrared2get
       0   Infrared_Init


   Section sizes:

   Bytes  Function/Label
   -----  --------------
       4  ??DataTable2
       4  ??DataTable2_1
       4  ??DataTable2_2
       4  ??DataTable2_3
       4  ??DataTable2_4
      10  Infrared1get
      12  Infrared2get
      62  Infrared_Init

 
 104 bytes in section .text
 
 104 bytes of CODE memory

Errors: none
Warnings: none
