###############################################################################
#                                                                             #
#     IAR Assembler V6.60.1.5097/W32 for ARM 29/Jun/2015  21:49:30            #
#     Copyright 1999-2013 IAR Systems AB.                                     #
#                                                                             #
#           Source file   =  D:\创作室\飞思卡尔智能小车\顺暗三号\代码\顺暗三号-起源-第一代板\ShunAn_Panel\startup_ShunAn_K60FX512VLQ15.s#
#           List file     =  D:\创作室\飞思卡尔智能小车\顺暗三号\代码\顺暗三号-起源-第一代板\FLASH_1MB\List\startup_ShunAn_K60FX512VLQ15.lst#
#           Object file   =  D:\创作室\飞思卡尔智能小车\顺暗三号\代码\顺暗三号-起源-第一代板\FLASH_1MB\Obj\startup_ShunAn_K60FX512VLQ15.o#
#           Command line  =  D:\创作室\飞思卡尔智能小车\顺暗三号\代码\顺暗三号-起源-第一代板\ShunAn_Panel\startup_ShunAn_K60FX512VLQ15.s #
#                            -OD:\创作室\飞思卡尔智能小车\顺暗三号\代码\顺暗三号-起源-第一代板\FLASH_1MB\Obj\ #
#                            -s+ -M<> -w+ -r                                  #
#                            -LD:\创作室\飞思卡尔智能小车\顺暗三号\代码\顺暗三号-起源-第一代板\FLASH_1MB\List\ #
#                            -t8 --cpu Cortex-M4 --fpu VFPv4_sp               #
#                                                                             #
###############################################################################

    1                           /*
    2                           *文件名：              startup_ShunAn_K60FX512
                                VLQ15.s
    3                           *说明：                顺暗2号汇编启动文件
    4                           *所用芯片型号：        MK60FX512VLQ15
    5                           *创建时间：            2014/5/18
    6                           *作者：                中南大学弓箭
    7                           */
    8                           
    9                           /*
   10                           *文件名：              startup_ShunAn_K60FX512
                                VLQ15.s
   11                           *说明：                顺暗3号汇编启动文件
   12                           *所用芯片型号：        MK60FX512VLQ15
   13                           *创建时间：            2014/12/18
   14                           *作者：                中南大学朱葛峻
   15                           */
   16                           //改前瞻
   17                                   SECTION .noinit : CODE          ;
                                 //指定代码段：.noinit
   18                                   EXPORT  Reset_Handler           ;
                                 //定义 Reset_Handler 函数
   19                           Reset_Handler
   20    00000000 4FF00000              MOV     r0,#0                   ;
                                                 //初始化寄存器
   21    00000004 4FF00001              MOV     r1,#0
   22    00000008 4FF00002              MOV     r2,#0
   23    0000000C 4FF00003              MOV     r3,#0
   24    00000010 4FF00004              MOV     r4,#0
   25    00000014 4FF00005              MOV     r5,#0
   26    00000018 4FF00006              MOV     r6,#0
   27    0000001C 4FF00007              MOV     r7,#0
   28    00000020 4FF00008              MOV     r8,#0
   29    00000024 4FF00009              MOV     r9,#0
   30    00000028 4FF0000A              MOV     r10,#0
   31    0000002C 4FF0000B              MOV     r11,#0
   32    00000030 4FF0000C              MOV     r12,#0
   33    00000034 62B6                  CPSIE   i                       ;
                                                 //使能所有中断
   34                                   
   35    00000036 DFF81000              LDR.W   R0,=0xE000ED88          ;
                                             //浮点
   36    0000003A 0168                  LDR     R1,[R0]                
                                                 ;
   37    0000003C 41F47001              ORR     R1,R1, #(0xF << 20)    
                                                 ;
   38    00000040 0160                  STR     R1,[R0]                
                                                 ;
   39                                   
   40                                   import start
   41    00000042 ........              BL      start                  ;
                                                 //调用C语言函数start
   42                           __done
   43    00000046 FEE7                  B       __done
   44                           
   45                                   END  
   45.1                                  TABLE
   45.2  00000048 88ED00E0              Reference on line 35 
   45.3                                 END (including table)
##############################
#           CRC:0            #
#        Errors:   0         #
#        Warnings: 0         #
#         Bytes: 76          #
##############################



