###############################################################################
#                                                                             #
# IAR ANSI C/C++ Compiler V6.60.1.5097/W32 for ARM      05/Oct/2014  21:18:06 #
# Copyright 1999-2013 IAR Systems AB.                                         #
#                                                                             #
#    Cpu mode     =  thumb                                                    #
#    Endian       =  little                                                   #
#    Source file  =  D:\创作室\飞思卡尔智能小车\智能固件\MK60FX512VLQ15\ShunA #
#                    n_Panel\60FX_RegAll.c                                    #
#    Command line =  D:\创作室\飞思卡尔智能小车\智能固件\MK60FX512VLQ15\ShunA #
#                    n_Panel\60FX_RegAll.c -D IAR -D TWR_K60F120M -lCN        #
#                    D:\创作室\飞思卡尔智能小车\智能固件\MK60FX512VLQ15\RAM_1 #
#                    28KB\List\ -lB D:\创作室\飞思卡尔智能小车\智能固件\MK60F #
#                    X512VLQ15\RAM_128KB\List\ -o                             #
#                    D:\创作室\飞思卡尔智能小车\智能固件\MK60FX512VLQ15\RAM_1 #
#                    28KB\Obj\ --no_cse --no_unroll --no_inline               #
#                    --no_code_motion --no_tbaa --no_clustering               #
#                    --no_scheduling --debug --endian=little --cpu=Cortex-M4  #
#                    -e --fpu=None --dlib_config "C:\Program Files (x86)\IAR  #
#                    Systems\Embedded Workbench 6.5\arm\INC\c\DLib_Config_Nor #
#                    mal.h" -I D:\创作室\飞思卡尔智能小车\智能固件\MK60FX512V #
#                    LQ15\ -I D:\创作室\飞思卡尔智能小车\智能固件\MK60FX512VL #
#                    Q15\Library\ -I D:\创作室\飞思卡尔智能小车\智能固件\MK60 #
#                    FX512VLQ15\Library\BlessedAlien\ -I                      #
#                    D:\创作室\飞思卡尔智能小车\智能固件\MK60FX512VLQ15\ShunA #
#                    n_Panel\ -Ol --use_c++_inline                            #
#    List file    =  D:\创作室\飞思卡尔智能小车\智能固件\MK60FX512VLQ15\RAM_1 #
#                    28KB\List\60FX_RegAll.lst                                #
#    Object file  =  D:\创作室\飞思卡尔智能小车\智能固件\MK60FX512VLQ15\RAM_1 #
#                    28KB\Obj\60FX_RegAll.o                                   #
#                                                                             #
#                                                                             #
###############################################################################

D:\创作室\飞思卡尔智能小车\智能固件\MK60FX512VLQ15\ShunAn_Panel\60FX_RegAll.c
      1          #include "60FX_RegAll.h"
      2          #include "MK60F15.h" // 需要重构
      3          //#define uint8           (unsigned char)
      4          // 需求如下
      5          /******************************************************************************/
      6          /******************************************************************************/
      7          /******************************************************************************/
      8          /* 整体定义
      9          -> 以每个引脚为对象 -> 类
     10          ******************************************
     11          // 含有引脚的对象 PORT
     12          struct 引脚 and PIT
     13          引脚名
     14          开启功能 GPIO / FTM / ADC / IIC / UART / SPI
     15                  
     16          ******************************************
     17          // 错误信息对象
     18          GetLastError();
     19          ******************************************
     20          */
     21          /******************************************************************************/
     22          /*
     23          函数原型
     24          Init -> Wait -> -> Destroy
     25          */
     26          /******************************************************************************/
     27          // SA
     28          // _n _f _v _xa
     29          /******************************************************************************/
     30          /* Ver 1.0
     31          已完成：
     32          ********************************************************************
     33          更新内容：实现任意口的GPIO功能 实现任意口的FTM功能
     34                      实现不给定实际功能、按照set get自行更改
     35          ********************************************************************
     36          中断函数的定义
     37          PORT Create 引脚 ; 开启功能 ;
     38          Get     GPIO            读取数值
     39                  FTM             脉冲捕捉 / 正交脉冲捕捉
     40                  ADC             获取AD数值
     41          Set     GPIO            置高置低 
     42                  FTM             EPWM脉宽
     43                  ADC             无
     44          */
     45          
     46          /******************************************************************************/
     47          /******************************************************************************/
     48          /******************************************************************************/
     49          // 基础底层声明更改
     50          /******************************************************************************/
     51          #define uint8           unsigned char
     52          #define uint16          unsigned int
     53          /******************************************************************************/
     54          /******************************************************************************/
     55          // 基本函数声明如下：
     56          unsigned char u8_getPortNum(char * InPutStr ,unsigned int *);
     57          /******************************************************************************/
     58          /******************************************************************************/
     59          // SAcreate
     60          /*
     61          **
     62          **
     63          **/
     64          #define RE_ERROR                {return 1;}

   \                                 In section .text, align 2, keep-with-next
     65          BOOL SAcreate(CHAR_PTR port_name ,CHAR_PTR func_name)
     66          {
   \                     SAcreate: (+1)
   \   00000000   0xB580             PUSH     {R7,LR}
     67              uint16 get_portpin_handle = 0;
   \   00000002   0x2100             MOVS     R1,#+0
   \   00000004   0x9100             STR      R1,[SP, #+0]
     68              if(0 == u8_getPortNum(port_name,&get_portpin_handle))RE_ERROR;
   \   00000006   0xA900             ADD      R1,SP,#+0
   \   00000008   0x.... 0x....      BL       u8_getPortNum
   \   0000000C   0x2800             CMP      R0,#+0
   \   0000000E   0xD101             BNE.N    ??SAcreate_0
   \   00000010   0x2001             MOVS     R0,#+1
   \   00000012   0xE000             B.N      ??SAcreate_1
     69              return 0;
   \                     ??SAcreate_0: (+1)
   \   00000014   0x2000             MOVS     R0,#+0
   \                     ??SAcreate_1: (+1)
   \   00000016   0xBD02             POP      {R1,PC}          ;; return
     70          }
     71          
     72          
     73          /******************************************************************************/
     74          // u8_getPortNum
     75          /*
     76          **
     77          **
     78          **/

   \                                 In section .text, align 2, keep-with-next
     79          BOOL u8_getPortNum(CHAR_PTR InPutStr ,uint16 * NumRe)
     80          {
   \                     u8_getPortNum: (+1)
   \   00000000   0xB410             PUSH     {R4}
     81              // 检测标志位
     82              if('P' != InPutStr[0])
   \   00000002   0x7802             LDRB     R2,[R0, #+0]
   \   00000004   0x2A50             CMP      R2,#+80
   \   00000006   0xD001             BEQ.N    ??u8_getPortNum_0
     83              {
     84                  return 1; // !0 错误 // 错误信息：输入非法参数
   \   00000008   0x2001             MOVS     R0,#+1
   \   0000000A   0xE024             B.N      ??u8_getPortNum_1
     85              }
     86              uint8 str_Length = sizeof(InPutStr)/sizeof(InPutStr[0]);
   \                     ??u8_getPortNum_0: (+1)
   \   0000000C   0x2204             MOVS     R2,#+4
     87              if((3 == str_Length)||(4 == str_Length))
   \   0000000E   0xB2D2             UXTB     R2,R2            ;; ZeroExt  R2,R2,#+24,#+24
   \   00000010   0x2A03             CMP      R2,#+3
   \   00000012   0xD002             BEQ.N    ??u8_getPortNum_2
   \   00000014   0xB2D2             UXTB     R2,R2            ;; ZeroExt  R2,R2,#+24,#+24
   \   00000016   0x2A04             CMP      R2,#+4
   \   00000018   0xD11C             BNE.N    ??u8_getPortNum_3
     88              {
     89                  // 以下公式基于ANSI
     90                  uint8 pin_num = 0;
   \                     ??u8_getPortNum_2: (+1)
   \   0000001A   0x2300             MOVS     R3,#+0
     91                  if(3 == str_Length)
   \   0000001C   0xB2D2             UXTB     R2,R2            ;; ZeroExt  R2,R2,#+24,#+24
   \   0000001E   0x2A03             CMP      R2,#+3
   \   00000020   0xD101             BNE.N    ??u8_getPortNum_4
     92                  {
     93                      pin_num = (InPutStr[2] - '0');
   \   00000022   0x7883             LDRB     R3,[R0, #+2]
   \   00000024   0x3B30             SUBS     R3,R3,#+48
     94                  }
     95                  if(4 == str_Length)
   \                     ??u8_getPortNum_4: (+1)
   \   00000026   0xB2D2             UXTB     R2,R2            ;; ZeroExt  R2,R2,#+24,#+24
   \   00000028   0x2A04             CMP      R2,#+4
   \   0000002A   0xD106             BNE.N    ??u8_getPortNum_5
     96                  {
     97                      pin_num = (InPutStr[2] - '0')*10 + (InPutStr[3] - '0');
   \   0000002C   0x7882             LDRB     R2,[R0, #+2]
   \   0000002E   0x230A             MOVS     R3,#+10
   \   00000030   0x78C4             LDRB     R4,[R0, #+3]
   \   00000032   0xFB03 0x4202      MLA      R2,R3,R2,R4
   \   00000036   0xF1B2 0x0310      SUBS     R3,R2,#+16
     98                  }
     99                  if(pin_num >= 32)
   \                     ??u8_getPortNum_5: (+1)
   \   0000003A   0xB2DB             UXTB     R3,R3            ;; ZeroExt  R3,R3,#+24,#+24
   \   0000003C   0x2B20             CMP      R3,#+32
   \   0000003E   0xDB01             BLT.N    ??u8_getPortNum_6
    100                  {
    101                      return 1; // !0 错误 // 错误信息：输入非法参数
   \   00000040   0x2001             MOVS     R0,#+1
   \   00000042   0xE008             B.N      ??u8_getPortNum_1
    102                  }
    103                  (*NumRe) = (InPutStr[1] - 'A')*(32) + pin_num;
   \                     ??u8_getPortNum_6: (+1)
   \   00000044   0x7840             LDRB     R0,[R0, #+1]
   \   00000046   0x3841             SUBS     R0,R0,#+65
   \   00000048   0x0140             LSLS     R0,R0,#+5
   \   0000004A   0xFA50 0xF083      UXTAB    R0,R0,R3
   \   0000004E   0x6008             STR      R0,[R1, #+0]
    104                  return 0;
   \   00000050   0x2000             MOVS     R0,#+0
   \   00000052   0xE000             B.N      ??u8_getPortNum_1
    105              }
    106              else
    107              {
    108                  return 1; // !0 错误 // 错误信息：输入参数不完全
   \                     ??u8_getPortNum_3: (+1)
   \   00000054   0x2001             MOVS     R0,#+1
   \                     ??u8_getPortNum_1: (+1)
   \   00000056   0xBC10             POP      {R4}
   \   00000058   0x4770             BX       LR               ;; return
    109              }
    110          }
    111          
    112          /******************************************************************************/
    113          // v_simport_Init
    114          /*
    115          **
    116          **
    117          **/

   \                                 In section .text, align 2, keep-with-next
    118          void v_simport_Init(uint16 InNum)
    119          {
    120              // 初始化SIM
    121              switch(InNum / 32)
   \                     v_simport_Init: (+1)
   \   00000000   0x0940             LSRS     R0,R0,#+5
   \   00000002   0x2800             CMP      R0,#+0
   \   00000004   0xD006             BEQ.N    ??v_simport_Init_0
   \   00000006   0x2802             CMP      R0,#+2
   \   00000008   0xD012             BEQ.N    ??v_simport_Init_1
   \   0000000A   0xD30A             BCC.N    ??v_simport_Init_2
   \   0000000C   0x2804             CMP      R0,#+4
   \   0000000E   0xD01D             BEQ.N    ??v_simport_Init_3
   \   00000010   0xD315             BCC.N    ??v_simport_Init_4
   \   00000012   0xE021             B.N      ??v_simport_Init_5
    122              {
    123              case 0: SIM_SCGC5 |= SIM_SCGC5_PORTA_MASK;
   \                     ??v_simport_Init_0: (+1)
   \   00000014   0x....             LDR.N    R0,??DataTable0  ;; 0x40048038
   \   00000016   0x6800             LDR      R0,[R0, #+0]
   \   00000018   0xF450 0x7000      ORRS     R0,R0,#0x200
   \   0000001C   0x....             LDR.N    R1,??DataTable0  ;; 0x40048038
   \   0000001E   0x6008             STR      R0,[R1, #+0]
    124              break;
   \   00000020   0xE01A             B.N      ??v_simport_Init_5
    125              case 1: SIM_SCGC5 |= SIM_SCGC5_PORTB_MASK;
   \                     ??v_simport_Init_2: (+1)
   \   00000022   0x....             LDR.N    R0,??DataTable0  ;; 0x40048038
   \   00000024   0x6800             LDR      R0,[R0, #+0]
   \   00000026   0xF450 0x6080      ORRS     R0,R0,#0x400
   \   0000002A   0x....             LDR.N    R1,??DataTable0  ;; 0x40048038
   \   0000002C   0x6008             STR      R0,[R1, #+0]
    126              break;
   \   0000002E   0xE013             B.N      ??v_simport_Init_5
    127              case 2: SIM_SCGC5 |= SIM_SCGC5_PORTC_MASK;
   \                     ??v_simport_Init_1: (+1)
   \   00000030   0x....             LDR.N    R0,??DataTable0  ;; 0x40048038
   \   00000032   0x6800             LDR      R0,[R0, #+0]
   \   00000034   0xF450 0x6000      ORRS     R0,R0,#0x800
   \   00000038   0x....             LDR.N    R1,??DataTable0  ;; 0x40048038
   \   0000003A   0x6008             STR      R0,[R1, #+0]
    128              break;
   \   0000003C   0xE00C             B.N      ??v_simport_Init_5
    129              case 3: SIM_SCGC5 |= SIM_SCGC5_PORTD_MASK;
   \                     ??v_simport_Init_4: (+1)
   \   0000003E   0x....             LDR.N    R0,??DataTable0  ;; 0x40048038
   \   00000040   0x6800             LDR      R0,[R0, #+0]
   \   00000042   0xF450 0x5080      ORRS     R0,R0,#0x1000
   \   00000046   0x....             LDR.N    R1,??DataTable0  ;; 0x40048038
   \   00000048   0x6008             STR      R0,[R1, #+0]
    130              break;
   \   0000004A   0xE005             B.N      ??v_simport_Init_5
    131              case 4: SIM_SCGC5 |= SIM_SCGC5_PORTE_MASK;
   \                     ??v_simport_Init_3: (+1)
   \   0000004C   0x....             LDR.N    R0,??DataTable0  ;; 0x40048038
   \   0000004E   0x6800             LDR      R0,[R0, #+0]
   \   00000050   0xF450 0x5000      ORRS     R0,R0,#0x2000
   \   00000054   0x....             LDR.N    R1,??DataTable0  ;; 0x40048038
   \   00000056   0x6008             STR      R0,[R1, #+0]
    132              break;
    133              }
    134          }
   \                     ??v_simport_Init_5: (+1)
   \   00000058   0x4770             BX       LR               ;; return

   \                                 In section .text, align 4, keep-with-next
   \                     ??DataTable0:
   \   00000000   0x40048038         DC32     0x40048038

   Maximum stack usage in bytes:

   .cstack Function
   ------- --------
       8   SAcreate
         8   -> u8_getPortNum
       4   u8_getPortNum
       0   v_simport_Init


   Section sizes:

   Bytes  Function/Label
   -----  --------------
       4  ??DataTable0
      24  SAcreate
      90  u8_getPortNum
      90  v_simport_Init

 
 208 bytes in section .text
 
 208 bytes of CODE memory

Errors: none
Warnings: none
