###############################################################################
#                                                                             #
# IAR ANSI C/C++ Compiler V6.60.1.5097/W32 for ARM      27/Sep/2014  14:54:45 #
# Copyright 1999-2013 IAR Systems AB.                                         #
#                                                                             #
#    Cpu mode     =  thumb                                                    #
#    Endian       =  little                                                   #
#    Source file  =  D:\创作室\飞思卡尔智能小车\调试板\遥控器\ShunAn_Panel\Co #
#                    ntrolPads.c                                              #
#    Command line =  D:\创作室\飞思卡尔智能小车\调试板\遥控器\ShunAn_Panel\Co #
#                    ntrolPads.c -D IAR -D TWR_K60F120M -lCN                  #
#                    D:\创作室\飞思卡尔智能小车\调试板\遥控器\RAM_128KB\List\ #
#                     -lB D:\创作室\飞思卡尔智能小车\调试板\遥控器\RAM_128KB\ #
#                    List\ -o D:\创作室\飞思卡尔智能小车\调试板\遥控器\RAM_12 #
#                    8KB\Obj\ --no_cse --no_unroll --no_inline                #
#                    --no_code_motion --no_tbaa --no_clustering               #
#                    --no_scheduling --debug --endian=little --cpu=Cortex-M4  #
#                    -e --fpu=None --dlib_config "C:\Program Files (x86)\IAR  #
#                    Systems\Embedded Workbench 6.5\arm\INC\c\DLib_Config_Nor #
#                    mal.h" -I D:\创作室\飞思卡尔智能小车\调试板\遥控器\ -I   #
#                    D:\创作室\飞思卡尔智能小车\调试板\遥控器\Library\ -I     #
#                    D:\创作室\飞思卡尔智能小车\调试板\遥控器\Library\Blessed #
#                    Alien\ -I D:\创作室\飞思卡尔智能小车\调试板\遥控器\ShunA #
#                    n_Panel\ -Ol --use_c++_inline                            #
#    List file    =  D:\创作室\飞思卡尔智能小车\调试板\遥控器\RAM_128KB\List\ #
#                    ControlPads.lst                                          #
#    Object file  =  D:\创作室\飞思卡尔智能小车\调试板\遥控器\RAM_128KB\Obj\C #
#                    ontrolPads.o                                             #
#                                                                             #
#                                                                             #
###############################################################################

D:\创作室\飞思卡尔智能小车\调试板\遥控器\ShunAn_Panel\ControlPads.c
      1          #include "MK60F15.h"
      2          #include "ShunAn_Lib.h"
      3          #include "start_ShunAn.h"
      4          #include "BlessedAlien.h"
      5          #include "ControlPads.h"
      6          #include "ExInterface.h"
      7          #include "BIOS.h"
      8          #include "TFT.h"
      9          #include "Bluetooth.h"

   \                                 In section .data, align 4
     10          s_SysTem g_SysTem ={.TotalTime = 0,.Hardware_error  = 0,.Timer_Tick = &NULL_Tick};
   \                     g_SysTem:
   \   00000000   0x00000000         DC32 0
   \   00000004   0x0000             DC16 0
   \   00000006   0x00 0x00          DC8 0, 0
   \   00000008   0x........         DC32 NULL_Tick
     11          

   \                                 In section .text, align 2, keep-with-next
     12          void NULL_Tick(void)
     13          {
     14              return;
   \                     NULL_Tick: (+1)
   \   00000000   0x4770             BX       LR               ;; return
     15          }
     16          /******************************************************************************/
     17          /******************************************************************************/
     18          /******************************************************************************/

   \                                 In section .bss, align 4
     19          void*(*msg_Run)(Message *);Message g_Message;
   \                     msg_Run:
   \   00000000                      DS8 4

   \                                 In section .bss, align 4
   \                     g_Message:
   \   00000000                      DS8 12
     20          /******************************************************************************/

   \                                 In section .text, align 2, keep-with-next
     21          uint8 msg_operation( Message * Msg_In )  // 消息执行函数
     22          {
   \                     msg_operation: (+1)
   \   00000000   0xB580             PUSH     {R7,LR}
     23              msg_Run = (void*(*)(Message*))msg_Run(Msg_In); // 代码执行
   \   00000002   0x....             LDR.N    R1,??DataTable5_2
   \   00000004   0x6809             LDR      R1,[R1, #+0]
   \   00000006   0x4788             BLX      R1
   \   00000008   0x....             LDR.N    R1,??DataTable5_2
   \   0000000A   0x6008             STR      R0,[R1, #+0]
     24              return 0;
   \   0000000C   0x2000             MOVS     R0,#+0
   \   0000000E   0xBD02             POP      {R1,PC}          ;; return
     25          }
     26          

   \                                 In section .text, align 2, keep-with-next
     27          void* (ON_NONE) (Message * Message_In)// 这里为接收数据
     28          {
   \                     ON_NONE: (+1)
   \   00000000   0xB580             PUSH     {R7,LR}
     29              // 按键检索
     30              if(0 == u8_uart_getAll(&g_RecBuffer)){return (void*)ON_UART;}
   \   00000002   0x....             LDR.N    R0,??DataTable5_3
   \   00000004   0x.... 0x....      BL       u8_uart_getAll
   \   00000008   0x2800             CMP      R0,#+0
   \   0000000A   0xD102             BNE.N    ??ON_NONE_0
   \   0000000C   0x.... 0x....      ADR.W    R0,ON_UART
   \   00000010   0xE00A             B.N      ??ON_NONE_1
     31              if(0 == u8_Button_set(&g_Message,&g_Buttons,&g_ExInterfaces)){return (void*)ON_BUTTON;};
   \                     ??ON_NONE_0: (+1)
   \   00000012   0x....             LDR.N    R2,??DataTable5_4
   \   00000014   0x....             LDR.N    R1,??DataTable5_5
   \   00000016   0x....             LDR.N    R0,??DataTable5_6
   \   00000018   0x.... 0x....      BL       u8_Button_set
   \   0000001C   0x2800             CMP      R0,#+0
   \   0000001E   0xD102             BNE.N    ??ON_NONE_2
   \   00000020   0x.... 0x....      ADR.W    R0,ON_BUTTON
   \   00000024   0xE000             B.N      ??ON_NONE_1
     32              return (void*)ON_NONE;
   \                     ??ON_NONE_2: (+1)
   \   00000026   0x....             LDR.N    R0,??DataTable5_7
   \                     ??ON_NONE_1: (+1)
   \   00000028   0xBD02             POP      {R1,PC}          ;; return
     33          }
     34          

   \                                 In section .text, align 2, keep-with-next
     35          void* (ON_SWITCH) (Message * Message_In) // 返回 ON_NONE
     36          {
   \                     ON_SWITCH: (+1)
   \   00000000   0xB580             PUSH     {R7,LR}
   \   00000002   0x0001             MOVS     R1,R0
     37              Message_In->Topest->Done(&(Message_In->Topest));// 执行当前函数部分
   \   00000004   0x1D08             ADDS     R0,R1,#+4
   \   00000006   0x6849             LDR      R1,[R1, #+4]
   \   00000008   0x6809             LDR      R1,[R1, #+0]
   \   0000000A   0x4788             BLX      R1
     38             // if( Message_In->Topest->CallBack == Message_In->Topest->Done){Message_In->Topest->Done = Message_In->Topest->OnPend;} // 当为CallBack时候进行Idle
     39              return (void*)ON_NONE;
   \   0000000C   0x....             LDR.N    R0,??DataTable5_7
   \   0000000E   0xBD02             POP      {R1,PC}          ;; return
     40          }

   \                                 In section .bss, align 2
     41          uint16 x = 0;
   \                     x:
   \   00000000                      DS8 2

   \                                 In section .text, align 4, keep-with-next
     42          void* (ON_BUTTON) (Message * Message_In) // 返回 ON_SWITCH
     43          {
   \                     ON_BUTTON: (+1)
   \   00000000   0xB57C             PUSH     {R2-R6,LR}
   \   00000002   0x0004             MOVS     R4,R0
     44              s_Control * Topest = Message_In->Topest;
   \   00000004   0x6860             LDR      R0,[R4, #+4]
   \   00000006   0x9001             STR      R0,[SP, #+4]
     45              ExInterfaces * ExInterfaces_In = (ExInterfaces *)(Message_In->msgGaia); // 外部信息归一化
   \   00000008   0x6825             LDR      R5,[R4, #+0]
     46              if(((ExInterfaces_In->ButtonsOn)>>0)&0x01) // 按键1
   \   0000000A   0x7828             LDRB     R0,[R5, #+0]
   \   0000000C   0x07C0             LSLS     R0,R0,#+31
   \   0000000E   0xD544             BPL.N    ??ON_BUTTON_0
     47              {v_BIOS_6x8str_Ascii(x,0,Black,White,"1");// 移动上次
   \   00000010   0x....             ADR.N    R0,??DataTable5  ;; "1"
   \   00000012   0x9000             STR      R0,[SP, #+0]
   \   00000014   0xF64F 0x73FF      MOVW     R3,#+65535
   \   00000018   0x2200             MOVS     R2,#+0
   \   0000001A   0x2100             MOVS     R1,#+0
   \   0000001C   0x....             LDR.N    R0,??DataTable5_8
   \   0000001E   0x8800             LDRH     R0,[R0, #+0]
   \   00000020   0x.... 0x....      BL       v_BIOS_6x8str_Ascii
     48                  switch(Topest->Tag)
   \   00000024   0x9801             LDR      R0,[SP, #+4]
   \   00000026   0x7900             LDRB     R0,[R0, #+4]
   \   00000028   0x2801             CMP      R0,#+1
   \   0000002A   0xD002             BEQ.N    ??ON_BUTTON_1
   \   0000002C   0x2802             CMP      R0,#+2
   \   0000002E   0xD011             BEQ.N    ??ON_BUTTON_2
   \   00000030   0xE030             B.N      ??ON_BUTTON_3
     49                  {
     50                      case GUI_Window :
     51                          Topest = Topest->LeFriend;
   \                     ??ON_BUTTON_1: (+1)
   \   00000032   0x9801             LDR      R0,[SP, #+4]
   \   00000034   0x6900             LDR      R0,[R0, #+16]
   \   00000036   0x9001             STR      R0,[SP, #+4]
     52                          switch(Topest->Tag)
   \   00000038   0x9801             LDR      R0,[SP, #+4]
   \   0000003A   0x7900             LDRB     R0,[R0, #+4]
   \   0000003C   0x2802             CMP      R0,#+2
   \   0000003E   0xD002             BEQ.N    ??ON_BUTTON_4
     53                          {
     54                              default:
     55                                  Message_In->Topest = Topest;
   \   00000040   0x9801             LDR      R0,[SP, #+4]
   \   00000042   0x6060             STR      R0,[R4, #+4]
     56                              break;
   \   00000044   0xE005             B.N      ??ON_BUTTON_5
     57                              case GUI_Cmd :
     58                                  Message_In->Topest = Topest;
   \                     ??ON_BUTTON_4: (+1)
   \   00000046   0x9801             LDR      R0,[SP, #+4]
   \   00000048   0x6060             STR      R0,[R4, #+4]
     59                                  Topest ->Done = Topest->OnPend;
   \   0000004A   0x9801             LDR      R0,[SP, #+4]
   \   0000004C   0x6A40             LDR      R0,[R0, #+36]
   \   0000004E   0x9901             LDR      R1,[SP, #+4]
   \   00000050   0x6008             STR      R0,[R1, #+0]
     60                              break;
     61                          }
     62                      break;
   \                     ??ON_BUTTON_5: (+1)
   \   00000052   0xE022             B.N      ??ON_BUTTON_0
     63                      /******************************************************************/
     64                      case GUI_Cmd :
     65                          {
     66                              v_BIOS_6x8str_Ascii(x,0,Black,White,"cut the cmd");// 移动上次
   \                     ??ON_BUTTON_2: (+1)
   \   00000054   0x....             LDR.N    R0,??DataTable5_9
   \   00000056   0x9000             STR      R0,[SP, #+0]
   \   00000058   0xF64F 0x73FF      MOVW     R3,#+65535
   \   0000005C   0x2200             MOVS     R2,#+0
   \   0000005E   0x2100             MOVS     R1,#+0
   \   00000060   0x....             LDR.N    R0,??DataTable5_8
   \   00000062   0x8800             LDRH     R0,[R0, #+0]
   \   00000064   0x.... 0x....      BL       v_BIOS_6x8str_Ascii
     67                              const s_Control * Me = Topest;
   \   00000068   0x9E01             LDR      R6,[SP, #+4]
     68                              Topest ->Idle(&Topest); // 强行执行函数
   \   0000006A   0xA801             ADD      R0,SP,#+4
   \   0000006C   0x9901             LDR      R1,[SP, #+4]
   \   0000006E   0x6A09             LDR      R1,[R1, #+32]
   \   00000070   0x4788             BLX      R1
     69                              do
     70                              {
     71                                  Topest = Topest->LeFriend;
   \                     ??ON_BUTTON_6: (+1)
   \   00000072   0x9801             LDR      R0,[SP, #+4]
   \   00000074   0x6900             LDR      R0,[R0, #+16]
   \   00000076   0x9001             STR      R0,[SP, #+4]
     72                                  if(Me == Topest){break;}
   \   00000078   0x9801             LDR      R0,[SP, #+4]
   \   0000007A   0x4286             CMP      R6,R0
   \   0000007C   0xD003             BEQ.N    ??ON_BUTTON_7
     73                              }while(GUI_Cmd != Topest->Tag); // 限制置为 GUI_Cmd
   \                     ??ON_BUTTON_8: (+1)
   \   0000007E   0x9801             LDR      R0,[SP, #+4]
   \   00000080   0x7900             LDRB     R0,[R0, #+4]
   \   00000082   0x2802             CMP      R0,#+2
   \   00000084   0xD1F5             BNE.N    ??ON_BUTTON_6
     74                              Message_In->Topest = Topest;
   \                     ??ON_BUTTON_7: (+1)
   \   00000086   0x9801             LDR      R0,[SP, #+4]
   \   00000088   0x6060             STR      R0,[R4, #+4]
     75                              Topest ->Done = Topest->OnPend;
   \   0000008A   0x9801             LDR      R0,[SP, #+4]
   \   0000008C   0x6A40             LDR      R0,[R0, #+36]
   \   0000008E   0x9901             LDR      R1,[SP, #+4]
   \   00000090   0x6008             STR      R0,[R1, #+0]
     76                          }
     77                      break;
   \   00000092   0xE002             B.N      ??ON_BUTTON_0
     78                      default:
     79                          Message_In->Topest = Message_In->Topest->LeFriend;
   \                     ??ON_BUTTON_3: (+1)
   \   00000094   0x6860             LDR      R0,[R4, #+4]
   \   00000096   0x6900             LDR      R0,[R0, #+16]
   \   00000098   0x6060             STR      R0,[R4, #+4]
     80                      break;
     81                  }
     82              }
     83              
     84              if(((ExInterfaces_In->ButtonsOn)>>1)&0x01) // 按键2
   \                     ??ON_BUTTON_0: (+1)
   \   0000009A   0x7828             LDRB     R0,[R5, #+0]
   \   0000009C   0xF3C0 0x0040      UBFX     R0,R0,#+1,#+1
   \   000000A0   0xB2C0             UXTB     R0,R0            ;; ZeroExt  R0,R0,#+24,#+24
   \   000000A2   0x2800             CMP      R0,#+0
   \   000000A4   0xD044             BEQ.N    ??ON_BUTTON_9
     85              {v_BIOS_6x8str_Ascii(x,0,Black,White,"2");// 移动上次
   \   000000A6   0x....             ADR.N    R0,??DataTable5_1  ;; "2"
   \   000000A8   0x9000             STR      R0,[SP, #+0]
   \   000000AA   0xF64F 0x73FF      MOVW     R3,#+65535
   \   000000AE   0x2200             MOVS     R2,#+0
   \   000000B0   0x2100             MOVS     R1,#+0
   \   000000B2   0x....             LDR.N    R0,??DataTable5_8
   \   000000B4   0x8800             LDRH     R0,[R0, #+0]
   \   000000B6   0x.... 0x....      BL       v_BIOS_6x8str_Ascii
     86                  switch(Topest->Tag)
   \   000000BA   0x9801             LDR      R0,[SP, #+4]
   \   000000BC   0x7900             LDRB     R0,[R0, #+4]
   \   000000BE   0x2801             CMP      R0,#+1
   \   000000C0   0xD002             BEQ.N    ??ON_BUTTON_10
   \   000000C2   0x2802             CMP      R0,#+2
   \   000000C4   0xD011             BEQ.N    ??ON_BUTTON_11
   \   000000C6   0xE030             B.N      ??ON_BUTTON_12
     87                  {
     88                      case GUI_Window :
     89                          Topest = Topest->RiFriend;
   \                     ??ON_BUTTON_10: (+1)
   \   000000C8   0x9801             LDR      R0,[SP, #+4]
   \   000000CA   0x6940             LDR      R0,[R0, #+20]
   \   000000CC   0x9001             STR      R0,[SP, #+4]
     90                          switch(Topest->Tag)
   \   000000CE   0x9801             LDR      R0,[SP, #+4]
   \   000000D0   0x7900             LDRB     R0,[R0, #+4]
   \   000000D2   0x2802             CMP      R0,#+2
   \   000000D4   0xD002             BEQ.N    ??ON_BUTTON_13
     91                          {
     92                              default:
     93                                  Message_In->Topest = Topest;
   \   000000D6   0x9801             LDR      R0,[SP, #+4]
   \   000000D8   0x6060             STR      R0,[R4, #+4]
     94                              break;
   \   000000DA   0xE005             B.N      ??ON_BUTTON_14
     95                              case GUI_Cmd :
     96                                  Message_In->Topest = Topest;
   \                     ??ON_BUTTON_13: (+1)
   \   000000DC   0x9801             LDR      R0,[SP, #+4]
   \   000000DE   0x6060             STR      R0,[R4, #+4]
     97                                  Topest ->Done = Topest->OnPend;
   \   000000E0   0x9801             LDR      R0,[SP, #+4]
   \   000000E2   0x6A40             LDR      R0,[R0, #+36]
   \   000000E4   0x9901             LDR      R1,[SP, #+4]
   \   000000E6   0x6008             STR      R0,[R1, #+0]
     98                              break;
     99                          }
    100                      break;
   \                     ??ON_BUTTON_14: (+1)
   \   000000E8   0xE022             B.N      ??ON_BUTTON_9
    101                      /******************************************************************/
    102                      case GUI_Cmd :
    103                          {
    104                              v_BIOS_6x8str_Ascii(x,0,Black,White,"cut the cmd");// 移动上次
   \                     ??ON_BUTTON_11: (+1)
   \   000000EA   0x....             LDR.N    R0,??DataTable5_9
   \   000000EC   0x9000             STR      R0,[SP, #+0]
   \   000000EE   0xF64F 0x73FF      MOVW     R3,#+65535
   \   000000F2   0x2200             MOVS     R2,#+0
   \   000000F4   0x2100             MOVS     R1,#+0
   \   000000F6   0x....             LDR.N    R0,??DataTable5_8
   \   000000F8   0x8800             LDRH     R0,[R0, #+0]
   \   000000FA   0x.... 0x....      BL       v_BIOS_6x8str_Ascii
    105                              const s_Control * Me = Topest;
   \   000000FE   0x9E01             LDR      R6,[SP, #+4]
    106                              Topest ->Idle(&Topest); // 强行执行函数
   \   00000100   0xA801             ADD      R0,SP,#+4
   \   00000102   0x9901             LDR      R1,[SP, #+4]
   \   00000104   0x6A09             LDR      R1,[R1, #+32]
   \   00000106   0x4788             BLX      R1
    107                              do
    108                              {
    109                                  Topest = Topest->RiFriend;
   \                     ??ON_BUTTON_15: (+1)
   \   00000108   0x9801             LDR      R0,[SP, #+4]
   \   0000010A   0x6940             LDR      R0,[R0, #+20]
   \   0000010C   0x9001             STR      R0,[SP, #+4]
    110                                  if(Me == Topest){break;}
   \   0000010E   0x9801             LDR      R0,[SP, #+4]
   \   00000110   0x4286             CMP      R6,R0
   \   00000112   0xD003             BEQ.N    ??ON_BUTTON_16
    111                              }while(GUI_Cmd != Topest->Tag); // 限制置为 GUI_Cmd
   \                     ??ON_BUTTON_17: (+1)
   \   00000114   0x9801             LDR      R0,[SP, #+4]
   \   00000116   0x7900             LDRB     R0,[R0, #+4]
   \   00000118   0x2802             CMP      R0,#+2
   \   0000011A   0xD1F5             BNE.N    ??ON_BUTTON_15
    112                              Message_In->Topest = Topest;
   \                     ??ON_BUTTON_16: (+1)
   \   0000011C   0x9801             LDR      R0,[SP, #+4]
   \   0000011E   0x6060             STR      R0,[R4, #+4]
    113                              Topest ->Done = Topest->OnPend;
   \   00000120   0x9801             LDR      R0,[SP, #+4]
   \   00000122   0x6A40             LDR      R0,[R0, #+36]
   \   00000124   0x9901             LDR      R1,[SP, #+4]
   \   00000126   0x6008             STR      R0,[R1, #+0]
    114                          }
    115                      break;
   \   00000128   0xE002             B.N      ??ON_BUTTON_9
    116                      default:
    117                          Message_In->Topest = Message_In->Topest->RiFriend;
   \                     ??ON_BUTTON_12: (+1)
   \   0000012A   0x6860             LDR      R0,[R4, #+4]
   \   0000012C   0x6940             LDR      R0,[R0, #+20]
   \   0000012E   0x6060             STR      R0,[R4, #+4]
    118                      break;
    119                  }
    120              }
    121              if( (((ExInterfaces_In->ButtonsOn)>>2)&0x01)||(((ExInterfaces_In->ButtonsOn)>>3)&0x01) ) // 按键3/4 // 确认按键 Enter CallBack
   \                     ??ON_BUTTON_9: (+1)
   \   00000130   0x7828             LDRB     R0,[R5, #+0]
   \   00000132   0x210C             MOVS     R1,#+12
   \   00000134   0x4208             TST      R0,R1
   \   00000136   0xD009             BEQ.N    ??ON_BUTTON_18
    122              {//v_BIOS_6x8str_Ascii(x,0,Black,White,"3");
    123                  if(Topest->OnPend == Topest ->Done)
   \   00000138   0x9801             LDR      R0,[SP, #+4]
   \   0000013A   0x6A40             LDR      R0,[R0, #+36]
   \   0000013C   0x9901             LDR      R1,[SP, #+4]
   \   0000013E   0x6809             LDR      R1,[R1, #+0]
   \   00000140   0x4288             CMP      R0,R1
   \   00000142   0xD103             BNE.N    ??ON_BUTTON_18
    124                  {
    125                      Topest->Done = Topest->CallBack;
   \   00000144   0x9801             LDR      R0,[SP, #+4]
   \   00000146   0x69C0             LDR      R0,[R0, #+28]
   \   00000148   0x9901             LDR      R1,[SP, #+4]
   \   0000014A   0x6008             STR      R0,[R1, #+0]
    126                  }// 返回CallBack函数
    127              }   
    128              /*
    129              if(((ExInterfaces_In->ButtonsOn)>>3)&0x01) // 按键4
    130              {
    131                  v_BIOS_6x8str_Ascii(x,0,Black,White,"4");x+=6;
    132              }
    133              */
    134              return (void*)ON_SWITCH;
   \                     ??ON_BUTTON_18: (+1)
   \   0000014C   0x....             LDR.N    R0,??DataTable5_10
   \   0000014E   0xBD76             POP      {R1,R2,R4-R6,PC}  ;; return
    135          }

   \                                 In section .bss, align 2
    136          uint16 in = 0;
   \                     in:
   \   00000000                      DS8 2

   \                                 In section .text, align 4, keep-with-next
    137          void* (ON_UART) (Message * Message_In) // 转为 ON_SWITCH
    138          {
   \                     ON_UART: (+1)
   \   00000000   0xB580             PUSH     {R7,LR}
    139             // v_BIOS_6x8str_Ascii(30,0,Black,White,"Get Message");// 移动上次
    140              in ++;
   \   00000002   0x....             LDR.N    R0,??DataTable5_11
   \   00000004   0x8800             LDRH     R0,[R0, #+0]
   \   00000006   0x1C40             ADDS     R0,R0,#+1
   \   00000008   0x....             LDR.N    R1,??DataTable5_11
   \   0000000A   0x8008             STRH     R0,[R1, #+0]
    141              v_Tooth_GyroAccel(&g_RecBuffer);
   \   0000000C   0x....             LDR.N    R0,??DataTable5_3
   \   0000000E   0x.... 0x....      BL       v_Tooth_GyroAccel
    142              return (void*)ON_SWITCH;
   \   00000012   0x....             LDR.N    R0,??DataTable5_10
   \   00000014   0xBD02             POP      {R1,PC}          ;; return
    143          }
    144          
    145          
    146          /******************************************************************************/
    147          /******************************************************************************/
    148          /******************************************************************************/
    149          /******************************************************************************/
    150          /******************************************************************************/
    151          /******************************************************************************/
    152          /******************************************************************************/
    153          /******************************************************************************/
    154          /******************************************************************************/
    155          /******************************************************************************/
    156          /******************************************************************************/
    157          /******************************************************************************/

   \                                 In section .text, align 2, keep-with-next
    158          void v_OriginalSin()
    159          {
    160              {// 消息初始化
    161                  msg_Run = ON_NONE;
   \                     v_OriginalSin: (+1)
   \   00000000   0x....             LDR.N    R0,??DataTable5_2
   \   00000002   0x....             LDR.N    R1,??DataTable5_7
   \   00000004   0x6001             STR      R1,[R0, #+0]
    162                  g_ExInterfaces.ButtonsOn = 0;g_ExInterfaces.SwitchsOn = 0;
   \   00000006   0x....             LDR.N    R0,??DataTable5_4
   \   00000008   0x2100             MOVS     R1,#+0
   \   0000000A   0x7001             STRB     R1,[R0, #+0]
   \   0000000C   0x....             LDR.N    R0,??DataTable5_4
   \   0000000E   0x2100             MOVS     R1,#+0
   \   00000010   0x7041             STRB     R1,[R0, #+1]
    163                  g_Message.msgGaia = &g_ExInterfaces;
   \   00000012   0x....             LDR.N    R0,??DataTable5_6
   \   00000014   0x....             LDR.N    R1,??DataTable5_4
   \   00000016   0x6001             STR      R1,[R0, #+0]
    164                  g_Message.time=0;
   \   00000018   0x....             LDR.N    R0,??DataTable5_6
   \   0000001A   0x2100             MOVS     R1,#+0
   \   0000001C   0x6081             STR      R1,[R0, #+8]
    165              }
    166              /**************************************************************************/
    167              /**************************************************************************/
    168              //**{ **// 第一个窗体
    169                  // 窗体变量
    170                  static _s_GUI_Window  first_Figure_Window ={.Color = Black,
    171                                                              .Content = "The Islander"};
    172                  static s_Control first_Figure = {.Create = _v_Window_Create,
    173                                                   .CallBack=FCN_NULL,.OnPend=FCN_NULL,.Idle=FCN_NULL,
    174                                                   .Tag=GUI_Window,
    175                                                   .Name=&first_Figure_Window};
    176                  // 按键控件 一
    177                  static _s_GUI_Cmd  first_Figure_Command_GoNext_0 = 
    178                                                         {.Color.fontColor = Red,
    179                                                          .Color.FrameColor = White,
    180                                                          .Text.Style = 0,
    181                                                          .Text.Content = "Data Scope",
    182                                                          .Text.Long = 0,
    183                                                          .Position.x = 100,
    184                                                          .Position.y = 100,
    185                                                          .Position.width = 80,
    186                                                          .Position.height = 14};
    187                  static s_Control first_Figure_ctl_Command_GoNext_0 = 
    188                                                          {.Create = _v_Cmd_Create,.OnPend=_v_Cmd_OnPend,.Idle=_v_Cmd_Idle,
    189                                                           .CallBack = DataScope_Create,
    190                                                           .Tag=GUI_Cmd,
    191                                                           .Name=&first_Figure_Command_GoNext_0};
    192                  // 按键控件 二
    193                  static _s_GUI_Cmd  first_Figure_Command_GoNext_1 = 
    194                                                         {.Color.fontColor = Red,
    195                                                          .Color.FrameColor = White,
    196                                                          .Text.Style = 0,
    197                                                          .Text.Content = "None",
    198                                                          .Text.Long = 0,
    199                                                          .Position.x = 100,
    200                                                          .Position.y = 80,
    201                                                          .Position.width = 80,
    202                                                          .Position.height = 14};
    203                  static s_Control first_Figure_ctl_Command_GoNext_1 = 
    204                                                          {.Create = _v_Cmd_Create,.OnPend=_v_Cmd_OnPend,.Idle=_v_Cmd_Idle,
    205                                                           .CallBack=FCN_NULL,
    206                                                           .Tag=GUI_Cmd,
    207                                                           .Name=&first_Figure_Command_GoNext_1};
    208              /**************************************************************************/
    209              /**************************************************************************/   
    210                  // 第二个窗体  
    211                  // 窗体变量
    212                  static _s_GUI_Window  second_Figure_Window ={.Color = Black,
    213                                                              .Content = "Data Scope"};
    214                  static s_Control second_Figure = {.Create = _v_Window_Create,
    215                                                   .CallBack=FCN_NULL,.OnPend=FCN_NULL,.Idle=FCN_NULL,
    216                                                   .Tag=GUI_Window,
    217                                                   .Name=&second_Figure_Window};
    218                  
    219                  // 按键控件 一
    220                  static _s_GUI_Cmd second_Figure_Command_GoNext_0 = 
    221                                                         {.Color.fontColor = Red,
    222                                                          .Color.FrameColor = White,
    223                                                          .Text.Style = 0,
    224                                                          .Text.Content = "Back",
    225                                                          .Text.Long = 0,
    226                                                          .Position.x = 100,
    227                                                          .Position.y = 100,
    228                                                          .Position.width = 80,
    229                                                          .Position.height = 14};
    230                  static s_Control second_Figure_ctl_Command_GoNext_0 = 
    231                                                          {.Create = _v_Cmd_Create,.OnPend=_v_Cmd_OnPend,.Idle=_v_Cmd_Idle,
    232                                                           .CallBack = CallBack_Back,
    233                                                           .Tag=GUI_Cmd,
    234                                                           .Name=&second_Figure_Command_GoNext_0};
    235              /**************************************************************************/
    236              /**************************************************************************/        
    237                  //* 控件间组织关系 => *//
    238                  first_Figure.RiFriend = &first_Figure_ctl_Command_GoNext_0;
   \   0000001E   0x....             LDR.N    R0,??DataTable5_12
   \   00000020   0x....             LDR.N    R1,??DataTable5_13
   \   00000022   0x6141             STR      R1,[R0, #+20]
    239                  first_Figure_ctl_Command_GoNext_0.RiFriend = &first_Figure_ctl_Command_GoNext_1;
   \   00000024   0x....             LDR.N    R0,??DataTable5_13
   \   00000026   0x....             LDR.N    R1,??DataTable5_14
   \   00000028   0x6141             STR      R1,[R0, #+20]
    240                  first_Figure_ctl_Command_GoNext_1.RiFriend = &first_Figure;
   \   0000002A   0x....             LDR.N    R0,??DataTable5_14
   \   0000002C   0x....             LDR.N    R1,??DataTable5_12
   \   0000002E   0x6141             STR      R1,[R0, #+20]
    241                  /**********************************************************************/
    242                  second_Figure.RiFriend = &second_Figure_ctl_Command_GoNext_0;
   \   00000030   0x....             LDR.N    R0,??DataTable5_15
   \   00000032   0x....             LDR.N    R1,??DataTable5_16
   \   00000034   0x6141             STR      R1,[R0, #+20]
    243                  second_Figure_ctl_Command_GoNext_0.RiFriend = &second_Figure;
   \   00000036   0x....             LDR.N    R0,??DataTable5_16
   \   00000038   0x....             LDR.N    R1,??DataTable5_15
   \   0000003A   0x6141             STR      R1,[R0, #+20]
    244                  /**********************************************************************/
    245                  //* 控件间组织关系 <= *//
    246                  first_Figure.LeFriend = &first_Figure_ctl_Command_GoNext_1;
   \   0000003C   0x....             LDR.N    R0,??DataTable5_12
   \   0000003E   0x....             LDR.N    R1,??DataTable5_14
   \   00000040   0x6101             STR      R1,[R0, #+16]
    247                  first_Figure_ctl_Command_GoNext_1.LeFriend = &first_Figure_ctl_Command_GoNext_0;
   \   00000042   0x....             LDR.N    R0,??DataTable5_14
   \   00000044   0x....             LDR.N    R1,??DataTable5_13
   \   00000046   0x6101             STR      R1,[R0, #+16]
    248                  first_Figure_ctl_Command_GoNext_0.LeFriend = &first_Figure;
   \   00000048   0x....             LDR.N    R0,??DataTable5_13
   \   0000004A   0x....             LDR.N    R1,??DataTable5_12
   \   0000004C   0x6101             STR      R1,[R0, #+16]
    249                  /**********************************************************************/
    250                  second_Figure.LeFriend = &second_Figure_ctl_Command_GoNext_0;
   \   0000004E   0x....             LDR.N    R0,??DataTable5_15
   \   00000050   0x....             LDR.N    R1,??DataTable5_16
   \   00000052   0x6101             STR      R1,[R0, #+16]
    251                  second_Figure_ctl_Command_GoNext_0.LeFriend = &second_Figure;
   \   00000054   0x....             LDR.N    R0,??DataTable5_16
   \   00000056   0x....             LDR.N    R1,??DataTable5_15
   \   00000058   0x6101             STR      R1,[R0, #+16]
    252                  /**********************************************************************/
    253                  //* 控件内部组织关系 <= *//
    254                  first_Figure.Father = &first_Figure;
   \   0000005A   0x....             LDR.N    R0,??DataTable5_12
   \   0000005C   0x....             LDR.N    R1,??DataTable5_12
   \   0000005E   0x60C1             STR      R1,[R0, #+12]
    255                  first_Figure_ctl_Command_GoNext_0.Father = &first_Figure;
   \   00000060   0x....             LDR.N    R0,??DataTable5_13
   \   00000062   0x....             LDR.N    R1,??DataTable5_12
   \   00000064   0x60C1             STR      R1,[R0, #+12]
    256                  first_Figure_ctl_Command_GoNext_1.Father = &first_Figure;
   \   00000066   0x....             LDR.N    R0,??DataTable5_14
   \   00000068   0x....             LDR.N    R1,??DataTable5_12
   \   0000006A   0x60C1             STR      R1,[R0, #+12]
    257                  /**********************************************************************/
    258                  second_Figure.Father = &first_Figure;
   \   0000006C   0x....             LDR.N    R0,??DataTable5_15
   \   0000006E   0x....             LDR.N    R1,??DataTable5_12
   \   00000070   0x60C1             STR      R1,[R0, #+12]
    259                  second_Figure_ctl_Command_GoNext_0.Father = &first_Figure;
   \   00000072   0x....             LDR.N    R0,??DataTable5_16
   \   00000074   0x....             LDR.N    R1,??DataTable5_12
   \   00000076   0x60C1             STR      R1,[R0, #+12]
    260                  static s_Control *firstSonsArray[] = {&second_Figure};
    261                  first_Figure_Window.Son_Windows = firstSonsArray;
   \   00000078   0x....             LDR.N    R0,??DataTable5_17
   \   0000007A   0x....             LDR.N    R1,??DataTable5_18
   \   0000007C   0x6041             STR      R1,[R0, #+4]
    262                  first_Figure_Window.SonsNum = 1;
   \   0000007E   0x....             LDR.N    R0,??DataTable5_17
   \   00000080   0x2101             MOVS     R1,#+1
   \   00000082   0x7001             STRB     R1,[R0, #+0]
    263                  /**********************************************************************/
    264                  //* 控件初始函数指定 *//
    265                  first_Figure.Done = first_Figure.Create;
   \   00000084   0x....             LDR.N    R0,??DataTable5_12
   \   00000086   0x6980             LDR      R0,[R0, #+24]
   \   00000088   0x....             LDR.N    R1,??DataTable5_12
   \   0000008A   0x6008             STR      R0,[R1, #+0]
    266                  first_Figure_ctl_Command_GoNext_0.Done = first_Figure_ctl_Command_GoNext_0.Create;
   \   0000008C   0x....             LDR.N    R0,??DataTable5_13
   \   0000008E   0x6980             LDR      R0,[R0, #+24]
   \   00000090   0x....             LDR.N    R1,??DataTable5_13
   \   00000092   0x6008             STR      R0,[R1, #+0]
    267                  first_Figure_ctl_Command_GoNext_1.Done = first_Figure_ctl_Command_GoNext_1.Create;
   \   00000094   0x....             LDR.N    R0,??DataTable5_14
   \   00000096   0x6980             LDR      R0,[R0, #+24]
   \   00000098   0x....             LDR.N    R1,??DataTable5_14
   \   0000009A   0x6008             STR      R0,[R1, #+0]
    268              /**************************************************************************/
    269              /**************************************************************************/
    270                  //* 消息最顶层 *//
    271                  g_Message.Topest = &first_Figure;
   \   0000009C   0x....             LDR.N    R0,??DataTable5_6
   \   0000009E   0x....             LDR.N    R1,??DataTable5_12
   \   000000A0   0x6041             STR      R1,[R0, #+4]
    272                  g_Message.time = 0;
   \   000000A2   0x....             LDR.N    R0,??DataTable5_6
   \   000000A4   0x2100             MOVS     R1,#+0
   \   000000A6   0x6081             STR      R1,[R0, #+8]
    273                  msg_Run = ON_SWITCH;        
   \   000000A8   0x....             LDR.N    R0,??DataTable5_2
   \   000000AA   0x....             LDR.N    R1,??DataTable5_10
   \   000000AC   0x6001             STR      R1,[R0, #+0]
    274          }
   \   000000AE   0x4770             BX       LR               ;; return

   \                                 In section .data, align 4
   \                     ??first_Figure_Window:
   \   00000000   0x00 0x00          DC8 0, 0, 0, 0
   \              0x00 0x00    
   \   00000004   0x00000000         DC32 0H
   \   00000008   0x0000             DC16 0
   \   0000000A   0x00 0x00          DC8 0, 0
   \   0000000C   0x........         DC32 `?<Constant "The Islander">`

   \                                 In section .data, align 4
   \                     ??first_Figure:
   \   00000000   0x00000000         DC32 0H
   \   00000004   0x01 0x00          DC8 1, 0, 0, 0
   \              0x00 0x00    
   \   00000008   0x........         DC32 ??first_Figure_Window, 0H, 0H, 0H, _v_Window_Create, FCN_NULL
   \              0x00000000   
   \              0x00000000   
   \              0x00000000   
   \              0x........   
   \              0x........   
   \   00000020   0x........         DC32 FCN_NULL, FCN_NULL
   \              0x........   

   \                                 In section .data, align 4
   \                     ??first_Figure_Command_GoNext_0:
   \   00000000   0x0064 0x0064      DC16 100, 100, 80, 14, 63488, 65535
   \              0x0050 0x000E
   \              0xF800 0xFFFF
   \   0000000C   0x00 0x00          DC8 0, 0, 0, 0
   \              0x00 0x00    
   \   00000010   0x........         DC32 `?<Constant "Data Scope">`

   \                                 In section .data, align 4
   \                     ??first_Figure_ctl_Command_GoNext_0:
   \   00000000   0x00000000         DC32 0H
   \   00000004   0x02 0x00          DC8 2, 0, 0, 0
   \              0x00 0x00    
   \   00000008   0x........         DC32 ??first_Figure_Command_GoNext_0, 0H, 0H, 0H, _v_Cmd_Create
   \              0x00000000   
   \              0x00000000   
   \              0x00000000   
   \              0x........   
   \   0000001C   0x........         DC32 DataScope_Create, _v_Cmd_Idle, _v_Cmd_OnPend
   \              0x........   
   \              0x........   

   \                                 In section .data, align 4
   \                     ??first_Figure_Command_GoNext_1:
   \   00000000   0x0064 0x0050      DC16 100, 80, 80, 14, 63488, 65535
   \              0x0050 0x000E
   \              0xF800 0xFFFF
   \   0000000C   0x00 0x00          DC8 0, 0, 0, 0
   \              0x00 0x00    
   \   00000010   0x........         DC32 `?<Constant "None">`

   \                                 In section .data, align 4
   \                     ??first_Figure_ctl_Command_GoNext_1:
   \   00000000   0x00000000         DC32 0H
   \   00000004   0x02 0x00          DC8 2, 0, 0, 0
   \              0x00 0x00    
   \   00000008   0x........         DC32 ??first_Figure_Command_GoNext_1, 0H, 0H, 0H, _v_Cmd_Create
   \              0x00000000   
   \              0x00000000   
   \              0x00000000   
   \              0x........   
   \   0000001C   0x........         DC32 FCN_NULL, _v_Cmd_Idle, _v_Cmd_OnPend
   \              0x........   
   \              0x........   

   \                                 In section .data, align 4
   \                     ??second_Figure_Window:
   \   00000000   0x00 0x00          DC8 0, 0, 0, 0
   \              0x00 0x00    
   \   00000004   0x00000000         DC32 0H
   \   00000008   0x0000             DC16 0
   \   0000000A   0x00 0x00          DC8 0, 0
   \   0000000C   0x........         DC32 `?<Constant "Data Scope">`

   \                                 In section .data, align 4
   \                     ??second_Figure:
   \   00000000   0x00000000         DC32 0H
   \   00000004   0x01 0x00          DC8 1, 0, 0, 0
   \              0x00 0x00    
   \   00000008   0x........         DC32 ??second_Figure_Window, 0H, 0H, 0H, _v_Window_Create, FCN_NULL
   \              0x00000000   
   \              0x00000000   
   \              0x00000000   
   \              0x........   
   \              0x........   
   \   00000020   0x........         DC32 FCN_NULL, FCN_NULL
   \              0x........   

   \                                 In section .data, align 4
   \                     ??second_Figure_Command_GoNext_0:
   \   00000000   0x0064 0x0064      DC16 100, 100, 80, 14, 63488, 65535
   \              0x0050 0x000E
   \              0xF800 0xFFFF
   \   0000000C   0x00 0x00          DC8 0, 0, 0, 0
   \              0x00 0x00    
   \   00000010   0x........         DC32 `?<Constant "Back">`

   \                                 In section .data, align 4
   \                     ??second_Figure_ctl_Command_GoNext_0:
   \   00000000   0x00000000         DC32 0H
   \   00000004   0x02 0x00          DC8 2, 0, 0, 0
   \              0x00 0x00    
   \   00000008   0x........         DC32 ??second_Figure_Command_GoNext_0, 0H, 0H, 0H, _v_Cmd_Create
   \              0x00000000   
   \              0x00000000   
   \              0x00000000   
   \              0x........   
   \   0000001C   0x........         DC32 CallBack_Back, _v_Cmd_Idle, _v_Cmd_OnPend
   \              0x........   
   \              0x........   

   \                                 In section .data, align 4
   \                     ??firstSonsArray:
   \   00000000   0x........         DC32 ??second_Figure

   \                                 In section .text, align 4, keep-with-next
   \                     ??DataTable5:
   \   00000000   0x31 0x00          DC8      "1",0x0,0x0
   \              0x00 0x00    

   \                                 In section .text, align 4, keep-with-next
   \                     ??DataTable5_1:
   \   00000000   0x32 0x00          DC8      "2",0x0,0x0
   \              0x00 0x00    

   \                                 In section .text, align 4, keep-with-next
   \                     ??DataTable5_2:
   \   00000000   0x........         DC32     msg_Run

   \                                 In section .text, align 4, keep-with-next
   \                     ??DataTable5_3:
   \   00000000   0x........         DC32     g_RecBuffer

   \                                 In section .text, align 4, keep-with-next
   \                     ??DataTable5_4:
   \   00000000   0x........         DC32     g_ExInterfaces

   \                                 In section .text, align 4, keep-with-next
   \                     ??DataTable5_5:
   \   00000000   0x........         DC32     g_Buttons

   \                                 In section .text, align 4, keep-with-next
   \                     ??DataTable5_6:
   \   00000000   0x........         DC32     g_Message

   \                                 In section .text, align 4, keep-with-next
   \                     ??DataTable5_7:
   \   00000000   0x........         DC32     ON_NONE

   \                                 In section .text, align 4, keep-with-next
   \                     ??DataTable5_8:
   \   00000000   0x........         DC32     x

   \                                 In section .text, align 4, keep-with-next
   \                     ??DataTable5_9:
   \   00000000   0x........         DC32     `?<Constant "cut the cmd">`

   \                                 In section .text, align 4, keep-with-next
   \                     ??DataTable5_10:
   \   00000000   0x........         DC32     ON_SWITCH

   \                                 In section .text, align 4, keep-with-next
   \                     ??DataTable5_11:
   \   00000000   0x........         DC32     in

   \                                 In section .text, align 4, keep-with-next
   \                     ??DataTable5_12:
   \   00000000   0x........         DC32     ??first_Figure

   \                                 In section .text, align 4, keep-with-next
   \                     ??DataTable5_13:
   \   00000000   0x........         DC32     ??first_Figure_ctl_Command_GoNext_0

   \                                 In section .text, align 4, keep-with-next
   \                     ??DataTable5_14:
   \   00000000   0x........         DC32     ??first_Figure_ctl_Command_GoNext_1

   \                                 In section .text, align 4, keep-with-next
   \                     ??DataTable5_15:
   \   00000000   0x........         DC32     ??second_Figure

   \                                 In section .text, align 4, keep-with-next
   \                     ??DataTable5_16:
   \   00000000   0x........         DC32     ??second_Figure_ctl_Command_GoNext_0

   \                                 In section .text, align 4, keep-with-next
   \                     ??DataTable5_17:
   \   00000000   0x........         DC32     ??first_Figure_Window

   \                                 In section .text, align 4, keep-with-next
   \                     ??DataTable5_18:
   \   00000000   0x........         DC32     ??firstSonsArray

   \                                 In section .rodata, align 2
   \   00000000   0x31 0x00          DC8 "1"

   \                                 In section .rodata, align 4
   \                     `?<Constant "cut the cmd">`:
   \   00000000   0x63 0x75          DC8 "cut the cmd"
   \              0x74 0x20    
   \              0x74 0x68    
   \              0x65 0x20    
   \              0x63 0x6D    
   \              0x64 0x00    

   \                                 In section .rodata, align 2
   \   00000000   0x32 0x00          DC8 "2"

   \                                 In section .rodata, align 4
   \                     `?<Constant "The Islander">`:
   \   00000000   0x54 0x68          DC8 "The Islander"
   \              0x65 0x20    
   \              0x49 0x73    
   \              0x6C 0x61    
   \              0x6E 0x64    
   \              0x65 0x72    
   \              0x00         
   \   0000000D   0x00 0x00          DC8 0, 0, 0
   \              0x00         

   \                                 In section .rodata, align 4
   \                     `?<Constant "Data Scope">`:
   \   00000000   0x44 0x61          DC8 "Data Scope"
   \              0x74 0x61    
   \              0x20 0x53    
   \              0x63 0x6F    
   \              0x70 0x65    
   \              0x00         
   \   0000000B   0x00               DC8 0

   \                                 In section .rodata, align 4
   \                     `?<Constant "None">`:
   \   00000000   0x4E 0x6F          DC8 "None"
   \              0x6E 0x65    
   \              0x00         
   \   00000005   0x00 0x00          DC8 0, 0, 0
   \              0x00         

   \                                 In section .rodata, align 4
   \                     `?<Constant "Back">`:
   \   00000000   0x42 0x61          DC8 "Back"
   \              0x63 0x6B    
   \              0x00         
   \   00000005   0x00 0x00          DC8 0, 0, 0
   \              0x00         

   Maximum stack usage in bytes:

   .cstack Function
   ------- --------
       0   NULL_Tick
      24   ON_BUTTON
        24   -- Indirect call
        24   -> v_BIOS_6x8str_Ascii
       8   ON_NONE
         8   -> u8_Button_set
         8   -> u8_uart_getAll
       8   ON_SWITCH
         8   -- Indirect call
       8   ON_UART
         8   -> v_Tooth_GyroAccel
       8   msg_operation
         8   -- Indirect call
       0   v_OriginalSin


   Section sizes:

   Bytes  Function/Label
   -----  --------------
       2  ?<Constant "1">
       2  ?<Constant "2">
       8  ?<Constant "Back">
      12  ?<Constant "Data Scope">
       8  ?<Constant "None">
      16  ?<Constant "The Islander">
      12  ?<Constant "cut the cmd">
       4  ??DataTable5
       4  ??DataTable5_1
       4  ??DataTable5_10
       4  ??DataTable5_11
       4  ??DataTable5_12
       4  ??DataTable5_13
       4  ??DataTable5_14
       4  ??DataTable5_15
       4  ??DataTable5_16
       4  ??DataTable5_17
       4  ??DataTable5_18
       4  ??DataTable5_2
       4  ??DataTable5_3
       4  ??DataTable5_4
       4  ??DataTable5_5
       4  ??DataTable5_6
       4  ??DataTable5_7
       4  ??DataTable5_8
       4  ??DataTable5_9
       2  NULL_Tick
     336  ON_BUTTON
      42  ON_NONE
      16  ON_SWITCH
      22  ON_UART
       4  firstSonsArray
      40  first_Figure
      20  first_Figure_Command_GoNext_0
      20  first_Figure_Command_GoNext_1
      16  first_Figure_Window
      40  first_Figure_ctl_Command_GoNext_0
      40  first_Figure_ctl_Command_GoNext_1
      12  g_Message
      12  g_SysTem
       2  in
       4  msg_Run
      16  msg_operation
      40  second_Figure
      20  second_Figure_Command_GoNext_0
      16  second_Figure_Window
      40  second_Figure_ctl_Command_GoNext_0
     176  v_OriginalSin
       2  x

 
  20 bytes in section .bss
 308 bytes in section .data
  60 bytes in section .rodata
 686 bytes in section .text
 
 686 bytes of CODE  memory
  60 bytes of CONST memory
 328 bytes of DATA  memory

Errors: none
Warnings: none
